Using pre-set license
Built from '2022.3/staging' branch; Version is '2022.3.10f1 (ff3792e53c62) revision 16725906'; Using compiler version '192829333'; Build Type 'Release'
OS: 'Windows 11  (10.0.22621) 64bit Core' Language: 'en' Physical Memory: 16084 MB
BatchMode: 1, IsHumanControllingUs: 0, StartBugReporterOnCrash: 0, Is64bit: 1, IsPro: 1

COMMAND LINE ARGUMENTS:
C:\Program Files\Unity\Hub\Editor\2022.3.10f1\Editor\Unity.exe
-adb2
-batchMode
-noUpm
-name
AssetImportWorker1
-projectPath
C:/Users/hntrp/OneDrive/Documents/SophomoreClasses/VrDev/Final/FinalProject
-logFile
Logs/AssetImportWorker1.log
-srvPort
65273
Successfully changed project path to: C:/Users/hntrp/OneDrive/Documents/SophomoreClasses/VrDev/Final/FinalProject
C:/Users/hntrp/OneDrive/Documents/SophomoreClasses/VrDev/Final/FinalProject
[UnityMemory] Configuration Parameters - Can be set up in boot.config
    "memorysetup-bucket-allocator-granularity=16"
    "memorysetup-bucket-allocator-bucket-count=8"
    "memorysetup-bucket-allocator-block-size=33554432"
    "memorysetup-bucket-allocator-block-count=8"
    "memorysetup-main-allocator-block-size=16777216"
    "memorysetup-thread-allocator-block-size=16777216"
    "memorysetup-gfx-main-allocator-block-size=16777216"
    "memorysetup-gfx-thread-allocator-block-size=16777216"
    "memorysetup-cache-allocator-block-size=4194304"
    "memorysetup-typetree-allocator-block-size=2097152"
    "memorysetup-profiler-bucket-allocator-granularity=16"
    "memorysetup-profiler-bucket-allocator-bucket-count=8"
    "memorysetup-profiler-bucket-allocator-block-size=33554432"
    "memorysetup-profiler-bucket-allocator-block-count=8"
    "memorysetup-profiler-allocator-block-size=16777216"
    "memorysetup-profiler-editor-allocator-block-size=1048576"
    "memorysetup-temp-allocator-size-main=16777216"
    "memorysetup-job-temp-allocator-block-size=2097152"
    "memorysetup-job-temp-allocator-block-size-background=1048576"
    "memorysetup-job-temp-allocator-reduction-small-platforms=262144"
    "memorysetup-allocator-temp-initial-block-size-main=262144"
    "memorysetup-allocator-temp-initial-block-size-worker=262144"
    "memorysetup-temp-allocator-size-background-worker=32768"
    "memorysetup-temp-allocator-size-job-worker=262144"
    "memorysetup-temp-allocator-size-preload-manager=33554432"
    "memorysetup-temp-allocator-size-nav-mesh-worker=65536"
    "memorysetup-temp-allocator-size-audio-worker=65536"
    "memorysetup-temp-allocator-size-cloud-worker=32768"
    "memorysetup-temp-allocator-size-gi-baking-worker=262144"
    "memorysetup-temp-allocator-size-gfx=262144"
Unable to join player connection multicast group (err: 10013).
Player connection [18888] Host "[IP] 172.25.144.1 [Port] 0 [Flags] 2 [Guid] 4272345131 [EditorId] 4272345131 [Version] 1048832 [Id] WindowsEditor(7,MSI) [Debug] 1 [PackageName] WindowsEditor [ProjectName] Editor" joined alternative multi-casting on [225.0.0.222:34997]...

[Physics::Module] Initialized MultithreadedJobDispatcher with 19 workers.
Refreshing native plugins compatible for Editor in 191.02 ms, found 9 plugins.
Preloading 2 native plugins for Editor in 13.01 ms.
Initialize engine version: 2022.3.10f1 (ff3792e53c62)
[Subsystems] Discovering subsystems at path C:/Program Files/Unity/Hub/Editor/2022.3.10f1/Editor/Data/Resources/UnitySubsystems
[Subsystems] Discovering subsystems at path C:/Users/hntrp/OneDrive/Documents/SophomoreClasses/VrDev/Final/FinalProject/Assets
GfxDevice: creating device client; threaded=0; jobified=0
Direct3D:
    Version:  Direct3D 11.0 [level 11.1]
    Renderer: Intel(R) Iris(R) Xe Graphics (ID=0x46a6)
    Vendor:   Intel
    VRAM:     8042 MB
    Driver:   31.0.101.4032
Shader 'Oculus/OVRMRCameraFrameLit': fallback shader 'Alpha-Diffuse' not found
Initialize mono
Mono path[0] = 'C:/Program Files/Unity/Hub/Editor/2022.3.10f1/Editor/Data/Managed'
Mono path[1] = 'C:/Program Files/Unity/Hub/Editor/2022.3.10f1/Editor/Data/MonoBleedingEdge/lib/mono/unityjit-win32'
Mono config path = 'C:/Program Files/Unity/Hub/Editor/2022.3.10f1/Editor/Data/MonoBleedingEdge/etc'
Using monoOptions --debugger-agent=transport=dt_socket,embedding=1,server=y,suspend=n,address=127.0.0.1:56760
Begin MonoManager ReloadAssembly
Registering precompiled unity dll's ...
Register platform support module: C:/Program Files/Unity/Hub/Editor/2022.3.10f1/Editor/Data/PlaybackEngines/AndroidPlayer/UnityEditor.Android.Extensions.dll
Register platform support module: C:/Program Files/Unity/Hub/Editor/2022.3.10f1/Editor/Data/PlaybackEngines/WindowsStandaloneSupport/UnityEditor.WindowsStandalone.Extensions.dll
Registered in 0.029347 seconds.
- Loaded All Assemblies, in  0.995 seconds
Native extension for WindowsStandalone target not found
Native extension for Android target not found
Android Extension - Scanning For ADB Devices 1302 ms
Mono: successfully reloaded assembly
- Finished resetting the current domain, in  2.906 seconds
Domain Reload Profiling: 3897ms
	BeginReloadAssembly (407ms)
		ExecutionOrderSort (0ms)
		DisableScriptedObjects (0ms)
		BackupInstance (0ms)
		ReleaseScriptingObjects (0ms)
		CreateAndSetChildDomain (2ms)
	RebuildCommonClasses (65ms)
	RebuildNativeTypeToScriptingClass (21ms)
	initialDomainReloadingComplete (152ms)
	LoadAllAssembliesAndSetupDomain (345ms)
		LoadAssemblies (401ms)
		RebuildTransferFunctionScriptingTraits (0ms)
		AnalyzeDomain (338ms)
			TypeCache.Refresh (335ms)
				TypeCache.ScanAssembly (304ms)
			ScanForSourceGeneratedMonoScriptInfo (1ms)
			ResolveRequiredComponents (1ms)
	FinalizeReload (2906ms)
		ReleaseScriptCaches (0ms)
		RebuildScriptCaches (0ms)
		SetupLoadedEditorAssemblies (2750ms)
			LogAssemblyErrors (0ms)
			InitializePlatformSupportModulesInManaged (2358ms)
			SetLoadedEditorAssemblies (7ms)
			RefreshPlugins (0ms)
			BeforeProcessingInitializeOnLoad (4ms)
			ProcessInitializeOnLoadAttributes (216ms)
			ProcessInitializeOnLoadMethodAttributes (165ms)
			AfterProcessingInitializeOnLoad (0ms)
			EditorAssembliesLoaded (0ms)
		ExecutionOrderSort2 (0ms)
		AwakeInstancesAfterBackupRestoration (0ms)
========================================================================
Worker process is ready to serve import requests
Begin MonoManager ReloadAssembly
- Loaded All Assemblies, in  3.143 seconds
Refreshing native plugins compatible for Editor in 64.41 ms, found 9 plugins.
Native extension for WindowsStandalone target not found
Native extension for Android target not found
Package Manager log level set to [2]
[Package Manager] Server::EnsureServerProcessIsRunning -- launch failed, reason: Unity was launched with the -noUpm command-line argument
[Package Manager] UpmClient::Send -- Unable to send message (not connected to UPM process).
[Package Manager] Cannot connect to Unity Package Manager local server
[Package Manager] Server::EnsureServerProcessIsRunning -- launch failed, reason: Unity was launched with the -noUpm command-line argument
[Package Manager] UpmClient::Send -- Unable to send message (not connected to UPM process).
[Package Manager] Cannot connect to Unity Package Manager local server
[XR] OculusXRPlugin: registering subsystems
[XR] Unable to register display lifecyle provider: [1]
[XR] Oculus Input lifecycle provider registered.
[XR] Unable to register input lifecyle provider: [1]
[XR] OVRP version 1.89.0
Mono: successfully reloaded assembly
[Package Manager] Server::EnsureServerProcessIsRunning -- launch failed, reason: Unity was launched with the -noUpm command-line argument
[Package Manager] UpmClient::Send -- Unable to send message (not connected to UPM process).
[Package Manager] Cannot connect to Unity Package Manager local server
[Package Manager] Server::EnsureServerProcessIsRunning -- launch failed, reason: Unity was launched with the -noUpm command-line argument
[Package Manager] UpmClient::Send -- Unable to send message (not connected to UPM process).
[Package Manager] Cannot connect to Unity Package Manager local server
- Finished resetting the current domain, in  2.144 seconds
Domain Reload Profiling: 5170ms
	BeginReloadAssembly (460ms)
		ExecutionOrderSort (0ms)
		DisableScriptedObjects (17ms)
		BackupInstance (0ms)
		ReleaseScriptingObjects (0ms)
		CreateAndSetChildDomain (63ms)
	RebuildCommonClasses (94ms)
	RebuildNativeTypeToScriptingClass (30ms)
	initialDomainReloadingComplete (147ms)
	LoadAllAssembliesAndSetupDomain (2293ms)
		LoadAssemblies (1656ms)
		RebuildTransferFunctionScriptingTraits (0ms)
		AnalyzeDomain (906ms)
			TypeCache.Refresh (711ms)
				TypeCache.ScanAssembly (654ms)
			ScanForSourceGeneratedMonoScriptInfo (141ms)
			ResolveRequiredComponents (49ms)
	FinalizeReload (2145ms)
		ReleaseScriptCaches (0ms)
		RebuildScriptCaches (0ms)
		SetupLoadedEditorAssemblies (1573ms)
			LogAssemblyErrors (0ms)
			InitializePlatformSupportModulesInManaged (72ms)
			SetLoadedEditorAssemblies (13ms)
			RefreshPlugins (0ms)
			BeforeProcessingInitializeOnLoad (236ms)
			ProcessInitializeOnLoadAttributes (1170ms)
			ProcessInitializeOnLoadMethodAttributes (68ms)
			AfterProcessingInitializeOnLoad (13ms)
			EditorAssembliesLoaded (0ms)
		ExecutionOrderSort2 (0ms)
		AwakeInstancesAfterBackupRestoration (13ms)
Shader 'Oculus/OVRMRCameraFrameLit': fallback shader 'Alpha-Diffuse' not found
Launched and connected shader compiler UnityShaderCompiler.exe after 0.21 seconds
Refreshing native plugins compatible for Editor in 55.88 ms, found 9 plugins.
Preloading 2 native plugins for Editor in 0.22 ms.
Unloading 5504 Unused Serialized files (Serialized files now loaded: 0)
Unloading 90 unused Assets / (391.1 KB). Loaded Objects now: 5955.
Memory consumption went from 233.1 MB to 232.7 MB.
Total: 13.856100 ms (FindLiveObjects: 1.128700 ms CreateObjectMapping: 0.426300 ms MarkObjects: 11.212500 ms  DeleteObjects: 1.084900 ms)

AssetImportParameters requested are different than current active one (requested -> active):
  custom:container-demuxer-ogg: 62fdf1f143b41e24485cea50d1cbac27 -> 
  custom:video-decoder-ogg-theora: a1e56fd34408186e4bbccfd4996cb3dc -> 
  custom:framework-win-MediaFoundation: 216162199b28c13a410421893ffa2e32 -> 
  custom:CustomObjectIndexerAttribute: 756ad292c208cfabdd7b50bc23989ffe -> 
  custom:container-demuxer-webm: 4f35f7cbe854078d1ac9338744f61a02 -> 
  custom:container-muxer-webm: aa71ff27fc2769a1b78a27578f13a17b -> 
  custom:video-decoder-webm-vp8: 9c59270c3fd7afecdb556c50c9e8de78 -> 
  custom:SearchIndexIgnoredProperties: e643bd26f0fe6173181afceb89e7c659 -> 
  custom:AudioImporter_EditorPlatform: d09bf68614088b80899f8185d706f6e7 -> 
  custom:video-encoder-webm-vp8: eb34c28f22e8b96e1ab97ce403110664 -> 
  custom:audio-decoder-ogg-vorbis: bf7c407c2cedff20999df2af8eb42d56 -> 
  custom:audio-encoder-webm-vorbis: bf7c407c2cedff20999df2af8eb42d56 -> 
========================================================================
Received Import Request.
  Time since last request: 981595.756127 seconds.
  path: Assets/Stylized Lava Texture/Textures/Vol_35_3_Ambient_Occlusion.tga
  artifactKey: Guid(c6d0d08a7a14a45418caf59d9687df8f) Importer(815301076,1909f56bfc062723c751e8b465ee728b)
Start importing Assets/Stylized Lava Texture/Textures/Vol_35_3_Ambient_Occlusion.tga using Guid(c6d0d08a7a14a45418caf59d9687df8f) Importer(815301076,1909f56bfc062723c751e8b465ee728b)  -> (artifact id: 'd3c934153b4ea55d5475dcb28cfa9e25') in 0.320305 seconds
Number of updated asset objects reloaded before import = 0
Number of asset objects unloaded after import = 2
========================================================================
Received Import Request.
  Time since last request: 0.004246 seconds.
  path: Assets/Stylized Lava Texture/Textures/Vol_35_3_Height.tga
  artifactKey: Guid(b54216825a0a75045ae1d36295ceecd4) Importer(815301076,1909f56bfc062723c751e8b465ee728b)
Start importing Assets/Stylized Lava Texture/Textures/Vol_35_3_Height.tga using Guid(b54216825a0a75045ae1d36295ceecd4) Importer(815301076,1909f56bfc062723c751e8b465ee728b)  -> (artifact id: 'e5735bd9f8a43876347beb4338458f72') in 0.196668 seconds
Number of updated asset objects reloaded before import = 0
Number of asset objects unloaded after import = 2
========================================================================
Received Import Request.
  Time since last request: 0.000945 seconds.
  path: Assets/Stylized Lava Texture/Textures
  artifactKey: Guid(70867da6bf5f23744b22677a580e0ad7) Importer(815301076,1909f56bfc062723c751e8b465ee728b)
Start importing Assets/Stylized Lava Texture/Textures using Guid(70867da6bf5f23744b22677a580e0ad7) Importer(815301076,1909f56bfc062723c751e8b465ee728b)  -> (artifact id: 'ee99613bd434034ac63e50ed7251f7b3') in 0.002242 seconds
Number of updated asset objects reloaded before import = 0
Number of asset objects unloaded after import = 0
========================================================================
Received Import Request.
  Time since last request: 0.002025 seconds.
  path: Assets/Stylized Lava Texture/Textures/Vol_35_3_Emissive.tga
  artifactKey: Guid(fa33609267bcdfb41ac03c9fd4b56b68) Importer(815301076,1909f56bfc062723c751e8b465ee728b)
Start importing Assets/Stylized Lava Texture/Textures/Vol_35_3_Emissive.tga using Guid(fa33609267bcdfb41ac03c9fd4b56b68) Importer(815301076,1909f56bfc062723c751e8b465ee728b)  -> (artifact id: 'f52c71a6011d217dbfffc7c92f78e2c0') in 0.285532 seconds
Number of updated asset objects reloaded before import = 0
Number of asset objects unloaded after import = 2
========================================================================
Received Import Request.
  Time since last request: 0.000114 seconds.
  path: Assets/Stylized Lava Texture/Materials/Stylize_Lava.mat
  artifactKey: Guid(9418a5fcbafe84543998bd7c831a9ee1) Importer(815301076,1909f56bfc062723c751e8b465ee728b)
Start importing Assets/Stylized Lava Texture/Materials/Stylize_Lava.mat using Guid(9418a5fcbafe84543998bd7c831a9ee1) Importer(815301076,1909f56bfc062723c751e8b465ee728b)  -> (artifact id: '2ecfa3f3aeb108b8a3c11641872d61f5') in 1.236558 seconds
Number of updated asset objects reloaded before import = 0
Number of asset objects unloaded after import = 5
========================================================================
Received Prepare
Begin MonoManager ReloadAssembly
- Loaded All Assemblies, in 14.518 seconds
Refreshing native plugins compatible for Editor in 18.24 ms, found 9 plugins.
Native extension for WindowsStandalone target not found
Native extension for Android target not found
[Package Manager] Server::EnsureServerProcessIsRunning -- launch failed, reason: Unity was launched with the -noUpm command-line argument
[Package Manager] UpmClient::Send -- Unable to send message (not connected to UPM process).
[Package Manager] Cannot connect to Unity Package Manager local server
[Package Manager] Server::EnsureServerProcessIsRunning -- launch failed, reason: Unity was launched with the -noUpm command-line argument
[Package Manager] UpmClient::Send -- Unable to send message (not connected to UPM process).
[Package Manager] Cannot connect to Unity Package Manager local server
Mono: successfully reloaded assembly
[Package Manager] Server::EnsureServerProcessIsRunning -- launch failed, reason: Unity was launched with the -noUpm command-line argument
[Package Manager] UpmClient::Send -- Unable to send message (not connected to UPM process).
[Package Manager] Cannot connect to Unity Package Manager local server
- Finished resetting the current domain, in 60.411 seconds
Domain Reload Profiling: 74924ms
	BeginReloadAssembly (230ms)
		ExecutionOrderSort (0ms)
		DisableScriptedObjects (6ms)
		BackupInstance (0ms)
		ReleaseScriptingObjects (0ms)
		CreateAndSetChildDomain (55ms)
	RebuildCommonClasses (40ms)
	RebuildNativeTypeToScriptingClass (15ms)
	initialDomainReloadingComplete (65ms)
	LoadAllAssembliesAndSetupDomain (14161ms)
		LoadAssemblies (14238ms)
		RebuildTransferFunctionScriptingTraits (0ms)
		AnalyzeDomain (50ms)
			TypeCache.Refresh (19ms)
				TypeCache.ScanAssembly (4ms)
			ScanForSourceGeneratedMonoScriptInfo (15ms)
			ResolveRequiredComponents (14ms)
	FinalizeReload (60413ms)
		ReleaseScriptCaches (0ms)
		RebuildScriptCaches (0ms)
		SetupLoadedEditorAssemblies (2318ms)
			LogAssemblyErrors (0ms)
			InitializePlatformSupportModulesInManaged (121ms)
			SetLoadedEditorAssemblies (15ms)
			RefreshPlugins (0ms)
			BeforeProcessingInitializeOnLoad (546ms)
			ProcessInitializeOnLoadAttributes (1521ms)
			ProcessInitializeOnLoadMethodAttributes (89ms)
			AfterProcessingInitializeOnLoad (25ms)
			EditorAssembliesLoaded (1ms)
		ExecutionOrderSort2 (0ms)
		AwakeInstancesAfterBackupRestoration (36ms)
Shader 'Oculus/OVRMRCameraFrameLit': fallback shader 'Alpha-Diffuse' not found
Refreshing native plugins compatible for Editor in 149.95 ms, found 9 plugins.
Preloading 2 native plugins for Editor in 0.52 ms.
Unloading 5377 Unused Serialized files (Serialized files now loaded: 0)
Unloading 86 unused Assets / (3.3 MB). Loaded Objects now: 6006.
Memory consumption went from 205.3 MB to 202.0 MB.
Total: 29.324700 ms (FindLiveObjects: 1.353200 ms CreateObjectMapping: 1.085200 ms MarkObjects: 22.234800 ms  DeleteObjects: 4.647700 ms)

Prepare: number of updated asset objects reloaded= 0
AssetImportParameters requested are different than current active one (requested -> active):
  custom:container-demuxer-ogg: 62fdf1f143b41e24485cea50d1cbac27 -> 
  custom:video-decoder-ogg-theora: a1e56fd34408186e4bbccfd4996cb3dc -> 
  custom:framework-win-MediaFoundation: 216162199b28c13a410421893ffa2e32 -> 
  custom:CustomObjectIndexerAttribute: 756ad292c208cfabdd7b50bc23989ffe -> 
  custom:container-demuxer-webm: 4f35f7cbe854078d1ac9338744f61a02 -> 
  custom:container-muxer-webm: aa71ff27fc2769a1b78a27578f13a17b -> 
  custom:video-decoder-webm-vp8: 9c59270c3fd7afecdb556c50c9e8de78 -> 
  custom:SearchIndexIgnoredProperties: e643bd26f0fe6173181afceb89e7c659 -> 
  custom:AudioImporter_EditorPlatform: d09bf68614088b80899f8185d706f6e7 -> 
  custom:video-encoder-webm-vp8: eb34c28f22e8b96e1ab97ce403110664 -> 
  custom:audio-decoder-ogg-vorbis: bf7c407c2cedff20999df2af8eb42d56 -> 
  custom:audio-encoder-webm-vorbis: bf7c407c2cedff20999df2af8eb42d56 -> 
========================================================================
Received Import Request.
  Time since last request: 563.006025 seconds.
  path: Assets/Ultimate 10 Plus Shaders/Materials/Textures/hologram_lines.png
  artifactKey: Guid(1a41c3e209ba51c4fbb25b4d4613c183) Importer(815301076,1909f56bfc062723c751e8b465ee728b)
Start importing Assets/Ultimate 10 Plus Shaders/Materials/Textures/hologram_lines.png using Guid(1a41c3e209ba51c4fbb25b4d4613c183) Importer(815301076,1909f56bfc062723c751e8b465ee728b)  -> (artifact id: '0b7d6e5e837915c313d5d6d986a0595e') in 0.364569 seconds
Number of updated asset objects reloaded before import = 0
Number of asset objects unloaded after import = 2
========================================================================
Received Import Request.
  Time since last request: 0.000219 seconds.
  path: Assets/Ultimate 10 Plus Shaders/Materials/Skybox_Mat.mat
  artifactKey: Guid(e79deb2e6d4a5b142a0efa22234d22f5) Importer(815301076,1909f56bfc062723c751e8b465ee728b)
Start importing Assets/Ultimate 10 Plus Shaders/Materials/Skybox_Mat.mat using Guid(e79deb2e6d4a5b142a0efa22234d22f5) Importer(815301076,1909f56bfc062723c751e8b465ee728b)  -> (artifact id: 'ec8dbfbd9ca541c84acb51cead6b77c3') in 1.060858 seconds
Number of updated asset objects reloaded before import = 0
Number of asset objects unloaded after import = 1
========================================================================
Received Import Request.
  Time since last request: 0.023383 seconds.
  path: Assets/Ultimate 10 Plus Shaders/Shaders/Plexus/Plexus Line Material.mat
  artifactKey: Guid(046739a9e8dbba24e8183a7a3cdfbb9a) Importer(815301076,1909f56bfc062723c751e8b465ee728b)
Start importing Assets/Ultimate 10 Plus Shaders/Shaders/Plexus/Plexus Line Material.mat using Guid(046739a9e8dbba24e8183a7a3cdfbb9a) Importer(815301076,1909f56bfc062723c751e8b465ee728b)  -> (artifact id: '71e073e9fb72e27f164085f7a00e21ae') in 0.845931 seconds
Number of updated asset objects reloaded before import = 0
Number of asset objects unloaded after import = 2
========================================================================
Received Import Request.
  Time since last request: 0.000131 seconds.
  path: Assets/Ultimate 10 Plus Shaders/Materials/Textures/grass_normal.tga
  artifactKey: Guid(1c3759435f9363447abb1969a2271472) Importer(815301076,1909f56bfc062723c751e8b465ee728b)
Start importing Assets/Ultimate 10 Plus Shaders/Materials/Textures/grass_normal.tga using Guid(1c3759435f9363447abb1969a2271472) Importer(815301076,1909f56bfc062723c751e8b465ee728b)  -> (artifact id: 'bfc6b32e4ffab8bef7513566c8517cf8') in 1.034173 seconds
Number of updated asset objects reloaded before import = 0
Number of asset objects unloaded after import = 2
========================================================================
Received Import Request.
  Time since last request: 0.000088 seconds.
  path: Assets/Ultimate 10 Plus Shaders/3D Models/Rock.fbx
  artifactKey: Guid(dfb9706df9ac8264ebf1e58976096256) Importer(815301076,1909f56bfc062723c751e8b465ee728b)
Start importing Assets/Ultimate 10 Plus Shaders/3D Models/Rock.fbx using Guid(dfb9706df9ac8264ebf1e58976096256) Importer(815301076,1909f56bfc062723c751e8b465ee728b)  -> (artifact id: '8ae9ffaf81b4f21cb5ddf694767f9ea4') in 0.174196 seconds
Number of updated asset objects reloaded before import = 0
Number of asset objects unloaded after import = 8
========================================================================
Received Import Request.
  Time since last request: 0.000048 seconds.
  path: Assets/Ultimate 10 Plus Shaders/Materials/Textures/hexagon_grid.png
  artifactKey: Guid(e61a550a7ddc3304fbfe0a01919efe9c) Importer(815301076,1909f56bfc062723c751e8b465ee728b)
Start importing Assets/Ultimate 10 Plus Shaders/Materials/Textures/hexagon_grid.png using Guid(e61a550a7ddc3304fbfe0a01919efe9c) Importer(815301076,1909f56bfc062723c751e8b465ee728b)  -> (artifact id: '7304e3bfaeccde15574081351c553a3c') in 0.112398 seconds
Number of updated asset objects reloaded before import = 0
Number of asset objects unloaded after import = 3
========================================================================
Received Import Request.
  Time since last request: 0.000122 seconds.
  path: Assets/Ultimate 10 Plus Shaders
  artifactKey: Guid(2ecff775df6447b408983c1582e32678) Importer(815301076,1909f56bfc062723c751e8b465ee728b)
Start importing Assets/Ultimate 10 Plus Shaders using Guid(2ecff775df6447b408983c1582e32678) Importer(815301076,1909f56bfc062723c751e8b465ee728b)  -> (artifact id: '114989e68003602b7e711b4bd36c60e8') in 0.001405 seconds
Number of updated asset objects reloaded before import = 0
Number of asset objects unloaded after import = 0
========================================================================
Received Import Request.
  Time since last request: 0.000440 seconds.
  path: Assets/Ultimate 10 Plus Shaders/Materials/Gray.mat
  artifactKey: Guid(7598aebf36a24f845beafec928bef8c1) Importer(815301076,1909f56bfc062723c751e8b465ee728b)
Start importing Assets/Ultimate 10 Plus Shaders/Materials/Gray.mat using Guid(7598aebf36a24f845beafec928bef8c1) Importer(815301076,1909f56bfc062723c751e8b465ee728b)  -> (artifact id: '48be3f63d4b63becda8bb8a214caa551') in 0.052760 seconds
Number of updated asset objects reloaded before import = 0
Number of asset objects unloaded after import = 1
========================================================================
Received Import Request.
  Time since last request: 0.000251 seconds.
  path: Assets/Ultimate 10 Plus Shaders/Shaders/Plexus/Plexus.compute
  artifactKey: Guid(0396ae06a645dc94696336944bc11f1f) Importer(815301076,1909f56bfc062723c751e8b465ee728b)
Start importing Assets/Ultimate 10 Plus Shaders/Shaders/Plexus/Plexus.compute using Guid(0396ae06a645dc94696336944bc11f1f) Importer(815301076,1909f56bfc062723c751e8b465ee728b)  -> (artifact id: '2ffd7767320b653527c63a5abece6a72') in 0.003466 seconds
Number of updated asset objects reloaded before import = 0
Number of asset objects unloaded after import = 1
========================================================================
Received Import Request.
  Time since last request: 0.000038 seconds.
  path: Assets/Ultimate 10 Plus Shaders/Materials/Textures/grass_albedo.tga
  artifactKey: Guid(f6955516f548167498290fa4664c015c) Importer(815301076,1909f56bfc062723c751e8b465ee728b)
Start importing Assets/Ultimate 10 Plus Shaders/Materials/Textures/grass_albedo.tga using Guid(f6955516f548167498290fa4664c015c) Importer(815301076,1909f56bfc062723c751e8b465ee728b)  -> (artifact id: '4efea3093844d557646773a37d49fbc6') in 0.097603 seconds
Number of updated asset objects reloaded before import = 0
Number of asset objects unloaded after import = 2
========================================================================
Received Import Request.
  Time since last request: 0.004809 seconds.
  path: Assets/Ultimate 10 Plus Shaders/Materials/Skybox_Mat2.mat
  artifactKey: Guid(d759c18d845960842a1c0412ba7b3c5c) Importer(815301076,1909f56bfc062723c751e8b465ee728b)
Start importing Assets/Ultimate 10 Plus Shaders/Materials/Skybox_Mat2.mat using Guid(d759c18d845960842a1c0412ba7b3c5c) Importer(815301076,1909f56bfc062723c751e8b465ee728b)  -> (artifact id: '1ade6b9b7831fafe79347a08cec023cc') in 0.318928 seconds
Number of updated asset objects reloaded before import = 0
Number of asset objects unloaded after import = 1
========================================================================
Received Import Request.
  Time since last request: 88.460690 seconds.
  path: Assets/TDG Storage Solutions/Models/CeilingHungRack2.fbx
  artifactKey: Guid(04b837106212d3649bc651a11c5baddc) Importer(815301076,1909f56bfc062723c751e8b465ee728b)
Start importing Assets/TDG Storage Solutions/Models/CeilingHungRack2.fbx using Guid(04b837106212d3649bc651a11c5baddc) Importer(815301076,1909f56bfc062723c751e8b465ee728b)  -> (artifact id: '156b2be443144375bd3dd0b20cfa711d') in 0.086982 seconds
Number of updated asset objects reloaded before import = 0
Number of asset objects unloaded after import = 9
========================================================================
Received Import Request.
  Time since last request: 0.000026 seconds.
  path: Assets/Oculus/SampleFramework/Core/HandsInteraction/Materials/SystemGestureHandMaterial.mat
  artifactKey: Guid(6b3381fce337f7049a8972d9356bde5e) Importer(815301076,1909f56bfc062723c751e8b465ee728b)
Start importing Assets/Oculus/SampleFramework/Core/HandsInteraction/Materials/SystemGestureHandMaterial.mat using Guid(6b3381fce337f7049a8972d9356bde5e) Importer(815301076,1909f56bfc062723c751e8b465ee728b)  -> (artifact id: '865d00f8f8adc4532300fb10ec1eb0ca') in 0.155083 seconds
Number of updated asset objects reloaded before import = 0
Number of asset objects unloaded after import = 1
========================================================================
Received Import Request.
  Time since last request: 0.000385 seconds.
  path: Assets/Oculus/VR/Editor/BuildingBlocks/BlockData/HandTracking/Materials/SystemGestureHandMaterial.mat
  artifactKey: Guid(9d107f2f043e1ed408b970f146718017) Importer(815301076,1909f56bfc062723c751e8b465ee728b)
Start importing Assets/Oculus/VR/Editor/BuildingBlocks/BlockData/HandTracking/Materials/SystemGestureHandMaterial.mat using Guid(9d107f2f043e1ed408b970f146718017) Importer(815301076,1909f56bfc062723c751e8b465ee728b)  -> (artifact id: 'e17e0200b137076c9bb7db947cdec488') in 0.075649 seconds
Number of updated asset objects reloaded before import = 0
Number of asset objects unloaded after import = 1
========================================================================
Received Import Request.
  Time since last request: 1.208469 seconds.
  path: Assets/ADI/Voxel Office Props/Models/Materials/tableCentreMat.mat
  artifactKey: Guid(894c74437e6373d48baf556f4af96f2d) Importer(815301076,1909f56bfc062723c751e8b465ee728b)
Start importing Assets/ADI/Voxel Office Props/Models/Materials/tableCentreMat.mat using Guid(894c74437e6373d48baf556f4af96f2d) Importer(815301076,1909f56bfc062723c751e8b465ee728b)  -> (artifact id: 'd8a3e13d31b094dee3b124b9b5e7e95a') in 0.030632 seconds
Number of updated asset objects reloaded before import = 0
Number of asset objects unloaded after import = 1
========================================================================
Received Import Request.
  Time since last request: 0.043171 seconds.
  path: Assets/ADI/Voxel Office Props/Models/Materials/tableEndMat.mat
  artifactKey: Guid(5e0bf8bf63045444f95d49b6bcbed376) Importer(815301076,1909f56bfc062723c751e8b465ee728b)
Start importing Assets/ADI/Voxel Office Props/Models/Materials/tableEndMat.mat using Guid(5e0bf8bf63045444f95d49b6bcbed376) Importer(815301076,1909f56bfc062723c751e8b465ee728b)  -> (artifact id: '4a2776fc5d3797e614033c6dab7737e0') in 0.037606 seconds
Number of updated asset objects reloaded before import = 0
Number of asset objects unloaded after import = 1
========================================================================
Received Import Request.
  Time since last request: 0.169590 seconds.
  path: Assets/AurynSky/Arcade Pack 01/Materials/TableTopBarred.mat
  artifactKey: Guid(26271933147b1924fbacbc549c5b48d4) Importer(815301076,1909f56bfc062723c751e8b465ee728b)
Start importing Assets/AurynSky/Arcade Pack 01/Materials/TableTopBarred.mat using Guid(26271933147b1924fbacbc549c5b48d4) Importer(815301076,1909f56bfc062723c751e8b465ee728b)  -> (artifact id: '0bdb32eeff3087caaa6f39ddddf807c5') in 0.068358 seconds
Number of updated asset objects reloaded before import = 0
Number of asset objects unloaded after import = 2
========================================================================
Received Import Request.
  Time since last request: 0.000096 seconds.
  path: Assets/Oculus/SampleFramework/Core/HandsInteraction/Materials/TargetMaterial.mat
  artifactKey: Guid(7c4fbc253f678a74f8135c524ac84bfe) Importer(815301076,1909f56bfc062723c751e8b465ee728b)
Start importing Assets/Oculus/SampleFramework/Core/HandsInteraction/Materials/TargetMaterial.mat using Guid(7c4fbc253f678a74f8135c524ac84bfe) Importer(815301076,1909f56bfc062723c751e8b465ee728b)  -> (artifact id: '801995140f78b0ba47cb23e671b3e104') in 0.086557 seconds
Number of updated asset objects reloaded before import = 0
Number of asset objects unloaded after import = 1
========================================================================
Received Import Request.
  Time since last request: 0.111974 seconds.
  path: Assets/Oculus/Interaction/Samples/Objects/Environment/Room/Models/SmallRoom.fbx
  artifactKey: Guid(78906942dba6db24ca155679a45f60ef) Importer(815301076,1909f56bfc062723c751e8b465ee728b)
Start importing Assets/Oculus/Interaction/Samples/Objects/Environment/Room/Models/SmallRoom.fbx using Guid(78906942dba6db24ca155679a45f60ef) Importer(815301076,1909f56bfc062723c751e8b465ee728b)  -> (artifact id: '3cd0ba513efc694dd19dbb217f2fa844') in 0.408494 seconds
Number of updated asset objects reloaded before import = 0
Number of asset objects unloaded after import = 102
========================================================================
Received Import Request.
  Time since last request: 0.071022 seconds.
  path: Assets/Oculus/Interaction/Samples/Objects/Props/TennisBall/TennisBallMat.mat
  artifactKey: Guid(53012a4d0e99aa04896d0e03bb07287f) Importer(815301076,1909f56bfc062723c751e8b465ee728b)
Start importing Assets/Oculus/Interaction/Samples/Objects/Props/TennisBall/TennisBallMat.mat using Guid(53012a4d0e99aa04896d0e03bb07287f) Importer(815301076,1909f56bfc062723c751e8b465ee728b)  -> (artifact id: 'd6c2cf3084d44d2a2dd05f1c4ca9cd06') in 0.158120 seconds
Number of updated asset objects reloaded before import = 0
Number of asset objects unloaded after import = 2
========================================================================
Received Import Request.
  Time since last request: 0.000126 seconds.
  path: Assets/Oculus/Interaction/Samples/Materials/ThumbsDown.mat
  artifactKey: Guid(5e016ecb7867fea49b0e4ebe3880f346) Importer(815301076,1909f56bfc062723c751e8b465ee728b)
Start importing Assets/Oculus/Interaction/Samples/Materials/ThumbsDown.mat using Guid(5e016ecb7867fea49b0e4ebe3880f346) Importer(815301076,1909f56bfc062723c751e8b465ee728b)  -> (artifact id: '4f555061d91244c815ef34fbdec38716') in 0.080840 seconds
Number of updated asset objects reloaded before import = 0
Number of asset objects unloaded after import = 2
========================================================================
Received Import Request.
  Time since last request: 0.000034 seconds.
  path: Assets/Oculus/Interaction/Samples/Materials/ThumbsUp.mat
  artifactKey: Guid(a4c9f2c1fbaa2df4b96621830e060af2) Importer(815301076,1909f56bfc062723c751e8b465ee728b)
Start importing Assets/Oculus/Interaction/Samples/Materials/ThumbsUp.mat using Guid(a4c9f2c1fbaa2df4b96621830e060af2) Importer(815301076,1909f56bfc062723c751e8b465ee728b)  -> (artifact id: 'c1b0e1e5ede4fd79628b9b87545b78ba') in 0.046190 seconds
Number of updated asset objects reloaded before import = 0
Number of asset objects unloaded after import = 2
Editor requested this worker to shutdown with reason: Scaling down because of idle timeout
TcpMessagingSession - receive error: operation aborted. errorcode: 995, details: The I/O operation has been aborted because of either a thread exit or an application request.
AssetImportWorker is now disconnected from the server
Process exiting
Exiting without the bug reporter. Application will terminate with return code 0