Using pre-set license
Built from '2022.3/staging' branch; Version is '2022.3.10f1 (ff3792e53c62) revision 16725906'; Using compiler version '192829333'; Build Type 'Release'
OS: 'Windows 11  (10.0.22621) 64bit Core' Language: 'en' Physical Memory: 16084 MB
BatchMode: 1, IsHumanControllingUs: 0, StartBugReporterOnCrash: 0, Is64bit: 1, IsPro: 1

COMMAND LINE ARGUMENTS:
C:\Program Files\Unity\Hub\Editor\2022.3.10f1\Editor\Unity.exe
-adb2
-batchMode
-noUpm
-name
AssetImportWorker16
-projectPath
C:/Users/hntrp/OneDrive/Documents/SophomoreClasses/VrDev/Final/FinalProject
-logFile
Logs/AssetImportWorker16.log
-srvPort
65273
Successfully changed project path to: C:/Users/hntrp/OneDrive/Documents/SophomoreClasses/VrDev/Final/FinalProject
C:/Users/hntrp/OneDrive/Documents/SophomoreClasses/VrDev/Final/FinalProject
[UnityMemory] Configuration Parameters - Can be set up in boot.config
    "memorysetup-bucket-allocator-granularity=16"
    "memorysetup-bucket-allocator-bucket-count=8"
    "memorysetup-bucket-allocator-block-size=33554432"
    "memorysetup-bucket-allocator-block-count=8"
    "memorysetup-main-allocator-block-size=16777216"
    "memorysetup-thread-allocator-block-size=16777216"
    "memorysetup-gfx-main-allocator-block-size=16777216"
    "memorysetup-gfx-thread-allocator-block-size=16777216"
    "memorysetup-cache-allocator-block-size=4194304"
    "memorysetup-typetree-allocator-block-size=2097152"
    "memorysetup-profiler-bucket-allocator-granularity=16"
    "memorysetup-profiler-bucket-allocator-bucket-count=8"
    "memorysetup-profiler-bucket-allocator-block-size=33554432"
    "memorysetup-profiler-bucket-allocator-block-count=8"
    "memorysetup-profiler-allocator-block-size=16777216"
    "memorysetup-profiler-editor-allocator-block-size=1048576"
    "memorysetup-temp-allocator-size-main=16777216"
    "memorysetup-job-temp-allocator-block-size=2097152"
    "memorysetup-job-temp-allocator-block-size-background=1048576"
    "memorysetup-job-temp-allocator-reduction-small-platforms=262144"
    "memorysetup-allocator-temp-initial-block-size-main=262144"
    "memorysetup-allocator-temp-initial-block-size-worker=262144"
    "memorysetup-temp-allocator-size-background-worker=32768"
    "memorysetup-temp-allocator-size-job-worker=262144"
    "memorysetup-temp-allocator-size-preload-manager=33554432"
    "memorysetup-temp-allocator-size-nav-mesh-worker=65536"
    "memorysetup-temp-allocator-size-audio-worker=65536"
    "memorysetup-temp-allocator-size-cloud-worker=32768"
    "memorysetup-temp-allocator-size-gi-baking-worker=262144"
    "memorysetup-temp-allocator-size-gfx=262144"
Unable to join player connection multicast group (err: 10013).
Player connection [33216] Host "[IP] 172.25.144.1 [Port] 0 [Flags] 2 [Guid] 3866412769 [EditorId] 3866412769 [Version] 1048832 [Id] WindowsEditor(7,MSI) [Debug] 1 [PackageName] WindowsEditor [ProjectName] Editor" joined alternative multi-casting on [225.0.0.222:34997]...

[Physics::Module] Initialized MultithreadedJobDispatcher with 19 workers.
Refreshing native plugins compatible for Editor in 75.31 ms, found 9 plugins.
Preloading 2 native plugins for Editor in 7.25 ms.
Initialize engine version: 2022.3.10f1 (ff3792e53c62)
[Subsystems] Discovering subsystems at path C:/Program Files/Unity/Hub/Editor/2022.3.10f1/Editor/Data/Resources/UnitySubsystems
[Subsystems] Discovering subsystems at path C:/Users/hntrp/OneDrive/Documents/SophomoreClasses/VrDev/Final/FinalProject/Assets
GfxDevice: creating device client; threaded=0; jobified=0
Direct3D:
    Version:  Direct3D 11.0 [level 11.1]
    Renderer: Intel(R) Iris(R) Xe Graphics (ID=0x46a6)
    Vendor:   Intel
    VRAM:     8042 MB
    Driver:   31.0.101.4032
Shader 'Oculus/OVRMRCameraFrameLit': fallback shader 'Alpha-Diffuse' not found
Initialize mono
Mono path[0] = 'C:/Program Files/Unity/Hub/Editor/2022.3.10f1/Editor/Data/Managed'
Mono path[1] = 'C:/Program Files/Unity/Hub/Editor/2022.3.10f1/Editor/Data/MonoBleedingEdge/lib/mono/unityjit-win32'
Mono config path = 'C:/Program Files/Unity/Hub/Editor/2022.3.10f1/Editor/Data/MonoBleedingEdge/etc'
Using monoOptions --debugger-agent=transport=dt_socket,embedding=1,server=y,suspend=n,address=127.0.0.1:56836
Begin MonoManager ReloadAssembly
Registering precompiled unity dll's ...
Register platform support module: C:/Program Files/Unity/Hub/Editor/2022.3.10f1/Editor/Data/PlaybackEngines/AndroidPlayer/UnityEditor.Android.Extensions.dll
Register platform support module: C:/Program Files/Unity/Hub/Editor/2022.3.10f1/Editor/Data/PlaybackEngines/WindowsStandaloneSupport/UnityEditor.WindowsStandalone.Extensions.dll
Registered in 0.008549 seconds.
- Loaded All Assemblies, in  0.479 seconds
Native extension for WindowsStandalone target not found
Native extension for Android target not found
Android Extension - Scanning For ADB Devices 816 ms
Mono: successfully reloaded assembly
- Finished resetting the current domain, in  1.278 seconds
Domain Reload Profiling: 1755ms
	BeginReloadAssembly (175ms)
		ExecutionOrderSort (0ms)
		DisableScriptedObjects (0ms)
		BackupInstance (0ms)
		ReleaseScriptingObjects (0ms)
		CreateAndSetChildDomain (1ms)
	RebuildCommonClasses (35ms)
	RebuildNativeTypeToScriptingClass (10ms)
	initialDomainReloadingComplete (66ms)
	LoadAllAssembliesAndSetupDomain (191ms)
		LoadAssemblies (171ms)
		RebuildTransferFunctionScriptingTraits (0ms)
		AnalyzeDomain (188ms)
			TypeCache.Refresh (187ms)
				TypeCache.ScanAssembly (172ms)
			ScanForSourceGeneratedMonoScriptInfo (0ms)
			ResolveRequiredComponents (0ms)
	FinalizeReload (1278ms)
		ReleaseScriptCaches (0ms)
		RebuildScriptCaches (0ms)
		SetupLoadedEditorAssemblies (1208ms)
			LogAssemblyErrors (0ms)
			InitializePlatformSupportModulesInManaged (978ms)
			SetLoadedEditorAssemblies (6ms)
			RefreshPlugins (0ms)
			BeforeProcessingInitializeOnLoad (3ms)
			ProcessInitializeOnLoadAttributes (145ms)
			ProcessInitializeOnLoadMethodAttributes (75ms)
			AfterProcessingInitializeOnLoad (0ms)
			EditorAssembliesLoaded (0ms)
		ExecutionOrderSort2 (0ms)
		AwakeInstancesAfterBackupRestoration (0ms)
========================================================================
Worker process is ready to serve import requests
Begin MonoManager ReloadAssembly
- Loaded All Assemblies, in  2.067 seconds
Refreshing native plugins compatible for Editor in 51.93 ms, found 9 plugins.
Native extension for WindowsStandalone target not found
Native extension for Android target not found
Package Manager log level set to [2]
[Package Manager] Server::EnsureServerProcessIsRunning -- launch failed, reason: Unity was launched with the -noUpm command-line argument
[Package Manager] UpmClient::Send -- Unable to send message (not connected to UPM process).
[Package Manager] Cannot connect to Unity Package Manager local server
[Package Manager] Server::EnsureServerProcessIsRunning -- launch failed, reason: Unity was launched with the -noUpm command-line argument
[Package Manager] UpmClient::Send -- Unable to send message (not connected to UPM process).
[Package Manager] Cannot connect to Unity Package Manager local server
[XR] OculusXRPlugin: registering subsystems
[XR] Unable to register display lifecyle provider: [1]
[XR] Oculus Input lifecycle provider registered.
[XR] Unable to register input lifecyle provider: [1]
[XR] OVRP version 1.89.0
Mono: successfully reloaded assembly
[Package Manager] Server::EnsureServerProcessIsRunning -- launch failed, reason: Unity was launched with the -noUpm command-line argument
[Package Manager] UpmClient::Send -- Unable to send message (not connected to UPM process).
[Package Manager] Cannot connect to Unity Package Manager local server
[Package Manager] Server::EnsureServerProcessIsRunning -- launch failed, reason: Unity was launched with the -noUpm command-line argument
[Package Manager] UpmClient::Send -- Unable to send message (not connected to UPM process).
[Package Manager] Cannot connect to Unity Package Manager local server
- Finished resetting the current domain, in  1.948 seconds
Domain Reload Profiling: 4004ms
	BeginReloadAssembly (287ms)
		ExecutionOrderSort (0ms)
		DisableScriptedObjects (11ms)
		BackupInstance (0ms)
		ReleaseScriptingObjects (0ms)
		CreateAndSetChildDomain (36ms)
	RebuildCommonClasses (63ms)
	RebuildNativeTypeToScriptingClass (20ms)
	initialDomainReloadingComplete (94ms)
	LoadAllAssembliesAndSetupDomain (1591ms)
		LoadAssemblies (1118ms)
		RebuildTransferFunctionScriptingTraits (0ms)
		AnalyzeDomain (648ms)
			TypeCache.Refresh (523ms)
				TypeCache.ScanAssembly (476ms)
			ScanForSourceGeneratedMonoScriptInfo (84ms)
			ResolveRequiredComponents (37ms)
	FinalizeReload (1949ms)
		ReleaseScriptCaches (0ms)
		RebuildScriptCaches (0ms)
		SetupLoadedEditorAssemblies (1565ms)
			LogAssemblyErrors (0ms)
			InitializePlatformSupportModulesInManaged (49ms)
			SetLoadedEditorAssemblies (12ms)
			RefreshPlugins (0ms)
			BeforeProcessingInitializeOnLoad (202ms)
			ProcessInitializeOnLoadAttributes (1248ms)
			ProcessInitializeOnLoadMethodAttributes (46ms)
			AfterProcessingInitializeOnLoad (9ms)
			EditorAssembliesLoaded (0ms)
		ExecutionOrderSort2 (0ms)
		AwakeInstancesAfterBackupRestoration (11ms)
Shader 'Oculus/OVRMRCameraFrameLit': fallback shader 'Alpha-Diffuse' not found
Launched and connected shader compiler UnityShaderCompiler.exe after 0.24 seconds
Refreshing native plugins compatible for Editor in 18.50 ms, found 9 plugins.
Preloading 2 native plugins for Editor in 0.17 ms.
Unloading 5524 Unused Serialized files (Serialized files now loaded: 0)
Unloading 90 unused Assets / (413.1 KB). Loaded Objects now: 5978.
Memory consumption went from 240.6 MB to 240.2 MB.
Total: 6.347100 ms (FindLiveObjects: 0.540900 ms CreateObjectMapping: 0.287200 ms MarkObjects: 5.091500 ms  DeleteObjects: 0.425500 ms)

AssetImportParameters requested are different than current active one (requested -> active):
  custom:container-demuxer-ogg: 62fdf1f143b41e24485cea50d1cbac27 -> 
  custom:video-decoder-ogg-theora: a1e56fd34408186e4bbccfd4996cb3dc -> 
  custom:framework-win-MediaFoundation: 216162199b28c13a410421893ffa2e32 -> 
  custom:CustomObjectIndexerAttribute: 756ad292c208cfabdd7b50bc23989ffe -> 
  custom:container-demuxer-webm: 4f35f7cbe854078d1ac9338744f61a02 -> 
  custom:container-muxer-webm: aa71ff27fc2769a1b78a27578f13a17b -> 
  custom:video-decoder-webm-vp8: 9c59270c3fd7afecdb556c50c9e8de78 -> 
  custom:SearchIndexIgnoredProperties: e643bd26f0fe6173181afceb89e7c659 -> 
  custom:AudioImporter_EditorPlatform: d09bf68614088b80899f8185d706f6e7 -> 
  custom:video-encoder-webm-vp8: eb34c28f22e8b96e1ab97ce403110664 -> 
  custom:audio-decoder-ogg-vorbis: bf7c407c2cedff20999df2af8eb42d56 -> 
  custom:audio-encoder-webm-vorbis: bf7c407c2cedff20999df2af8eb42d56 -> 
========================================================================
Received Import Request.
  Time since last request: 984589.166896 seconds.
  path: Assets/concrete-stairs/textures/Concrete012_2K_Normal.jpeg
  artifactKey: Guid(0593492f45d5300439d69f6ec802f69d) Importer(815301076,1909f56bfc062723c751e8b465ee728b)
Start importing Assets/concrete-stairs/textures/Concrete012_2K_Normal.jpeg using Guid(0593492f45d5300439d69f6ec802f69d) Importer(815301076,1909f56bfc062723c751e8b465ee728b)  -> (artifact id: '8364eaa084e604d40d2e647d5852c85e') in 0.236370 seconds
Number of updated asset objects reloaded before import = 0
Number of asset objects unloaded after import = 2
========================================================================
Received Import Request.
  Time since last request: 84906.670721 seconds.
  path: Assets/Blender Files/roof.blend
  artifactKey: Guid(bf17359ec7ce26243902a55c7e7a3ced) Importer(815301076,1909f56bfc062723c751e8b465ee728b)
Start importing Assets/Blender Files/roof.blend using Guid(bf17359ec7ce26243902a55c7e7a3ced) Importer(815301076,1909f56bfc062723c751e8b465ee728b)  -> (artifact id: '478805b310451d91b180387ddf661280') in 1.418948 seconds
Number of updated asset objects reloaded before import = 0
Number of asset objects unloaded after import = 40
========================================================================
Received Import Request.
  Time since last request: 85058.254628 seconds.
  path: Assets/Furniture_FREE/Prefabs/air_hockey_001.prefab
  artifactKey: Guid(d5076481aac507e4a8a37c3b0eea7727) Importer(815301076,1909f56bfc062723c751e8b465ee728b)
Start importing Assets/Furniture_FREE/Prefabs/air_hockey_001.prefab using Guid(d5076481aac507e4a8a37c3b0eea7727) Importer(815301076,1909f56bfc062723c751e8b465ee728b)  -> (artifact id: '76077027e23116055b373e42ac9521ba') in 0.243846 seconds
Number of updated asset objects reloaded before import = 0
Number of asset objects unloaded after import = 17
========================================================================
Received Import Request.
  Time since last request: 0.053789 seconds.
  path: Assets/Furniture_FREE/Prefabs/clothes_002.prefab
  artifactKey: Guid(c935566373de4944689c3ab2d7f16480) Importer(815301076,1909f56bfc062723c751e8b465ee728b)
Start importing Assets/Furniture_FREE/Prefabs/clothes_002.prefab using Guid(c935566373de4944689c3ab2d7f16480) Importer(815301076,1909f56bfc062723c751e8b465ee728b)  -> (artifact id: '03f2d19a08679412bc5054b33bc6fc5f') in 0.148662 seconds
Number of updated asset objects reloaded before import = 0
Number of asset objects unloaded after import = 17
========================================================================
Received Import Request.
  Time since last request: 0.000063 seconds.
  path: Assets/Furniture_FREE/Prefabs/dish_002.prefab
  artifactKey: Guid(4dd304aacd53d3c4589956b0fca9a8df) Importer(815301076,1909f56bfc062723c751e8b465ee728b)
Start importing Assets/Furniture_FREE/Prefabs/dish_002.prefab using Guid(4dd304aacd53d3c4589956b0fca9a8df) Importer(815301076,1909f56bfc062723c751e8b465ee728b)  -> (artifact id: 'bbd735943ca5c6fb73f0407ce06b8d3b') in 0.065504 seconds
Number of updated asset objects reloaded before import = 0
Number of asset objects unloaded after import = 17
========================================================================
Received Import Request.
  Time since last request: 0.000040 seconds.
  path: Assets/Furniture_FREE/Prefabs/lamp_002.prefab
  artifactKey: Guid(d586cdda16abbf74e84b1e76b588d8bf) Importer(815301076,1909f56bfc062723c751e8b465ee728b)
Start importing Assets/Furniture_FREE/Prefabs/lamp_002.prefab using Guid(d586cdda16abbf74e84b1e76b588d8bf) Importer(815301076,1909f56bfc062723c751e8b465ee728b)  -> (artifact id: 'cf660b2dfecbce9416226e006f6b7243') in 0.084746 seconds
Number of updated asset objects reloaded before import = 0
Number of asset objects unloaded after import = 17
========================================================================
Received Import Request.
  Time since last request: 0.000037 seconds.
  path: Assets/Furniture_FREE/Prefabs/dumbbell_001.prefab
  artifactKey: Guid(f556d04045a305d4d8c954744120bad6) Importer(815301076,1909f56bfc062723c751e8b465ee728b)
Start importing Assets/Furniture_FREE/Prefabs/dumbbell_001.prefab using Guid(f556d04045a305d4d8c954744120bad6) Importer(815301076,1909f56bfc062723c751e8b465ee728b)  -> (artifact id: '55d14ae16f6480828f32e82384a44c44') in 0.075953 seconds
Number of updated asset objects reloaded before import = 0
Number of asset objects unloaded after import = 17
========================================================================
Received Import Request.
  Time since last request: 0.000059 seconds.
  path: Assets/Furniture_FREE/Prefabs/lamp_001.prefab
  artifactKey: Guid(a47bc71942f460a47ab5fdebb4abd678) Importer(815301076,1909f56bfc062723c751e8b465ee728b)
Start importing Assets/Furniture_FREE/Prefabs/lamp_001.prefab using Guid(a47bc71942f460a47ab5fdebb4abd678) Importer(815301076,1909f56bfc062723c751e8b465ee728b)  -> (artifact id: '33d9d56a48c64ce4b2b649986745e7f3') in 0.077593 seconds
Number of updated asset objects reloaded before import = 0
Number of asset objects unloaded after import = 17
========================================================================
Received Import Request.
  Time since last request: 0.000150 seconds.
  path: Assets/Furniture_FREE/Prefabs/kitchen_sink_001.prefab
  artifactKey: Guid(9f5e01d181b4aca42913e46cd6c8023d) Importer(815301076,1909f56bfc062723c751e8b465ee728b)
Start importing Assets/Furniture_FREE/Prefabs/kitchen_sink_001.prefab using Guid(9f5e01d181b4aca42913e46cd6c8023d) Importer(815301076,1909f56bfc062723c751e8b465ee728b)  -> (artifact id: '70ca2b54bf3edbc49466b3372af4c136') in 0.073892 seconds
Number of updated asset objects reloaded before import = 0
Number of asset objects unloaded after import = 17
========================================================================
Received Import Request.
  Time since last request: 0.000327 seconds.
  path: Assets/Furniture_FREE/Prefabs/fridge_001.prefab
  artifactKey: Guid(a457d02d5bf10c9459386d5931ca3a94) Importer(815301076,1909f56bfc062723c751e8b465ee728b)
Start importing Assets/Furniture_FREE/Prefabs/fridge_001.prefab using Guid(a457d02d5bf10c9459386d5931ca3a94) Importer(815301076,1909f56bfc062723c751e8b465ee728b)  -> (artifact id: 'f264fe60da5c13181af38b96f53bdef9') in 0.070455 seconds
Number of updated asset objects reloaded before import = 0
Number of asset objects unloaded after import = 17
========================================================================
Received Import Request.
  Time since last request: 0.000023 seconds.
  path: Assets/Furniture_FREE/Prefabs/bed_001.prefab
  artifactKey: Guid(82f624b1964c7ba4fb21eae95f185a9c) Importer(815301076,1909f56bfc062723c751e8b465ee728b)
Start importing Assets/Furniture_FREE/Prefabs/bed_001.prefab using Guid(82f624b1964c7ba4fb21eae95f185a9c) Importer(815301076,1909f56bfc062723c751e8b465ee728b)  -> (artifact id: '16f03faf369059a0c6e86a0eeed33309') in 0.111711 seconds
Number of updated asset objects reloaded before import = 0
Number of asset objects unloaded after import = 17
========================================================================
Received Import Request.
  Time since last request: 0.000045 seconds.
  path: Assets/Furniture_FREE/Prefabs/drink_002.prefab
  artifactKey: Guid(1909352e3a186894fbd045ac8fe132b8) Importer(815301076,1909f56bfc062723c751e8b465ee728b)
Start importing Assets/Furniture_FREE/Prefabs/drink_002.prefab using Guid(1909352e3a186894fbd045ac8fe132b8) Importer(815301076,1909f56bfc062723c751e8b465ee728b)  -> (artifact id: 'e923dca229b6d0f84ca24ba023fe313e') in 0.078221 seconds
Number of updated asset objects reloaded before import = 0
Number of asset objects unloaded after import = 17
========================================================================
Received Import Request.
  Time since last request: 0.000079 seconds.
  path: Assets/Furniture_FREE/Prefabs/closet_002.prefab
  artifactKey: Guid(fb10bf7391b6c704ea27ed75d5eee5df) Importer(815301076,1909f56bfc062723c751e8b465ee728b)
Start importing Assets/Furniture_FREE/Prefabs/closet_002.prefab using Guid(fb10bf7391b6c704ea27ed75d5eee5df) Importer(815301076,1909f56bfc062723c751e8b465ee728b)  -> (artifact id: 'cd7bbacb28347bdf78d77f0cdc20d6f2') in 0.077874 seconds
Number of updated asset objects reloaded before import = 0
Number of asset objects unloaded after import = 17
========================================================================
Received Import Request.
  Time since last request: 0.000037 seconds.
  path: Assets/Furniture_FREE/Prefabs/dresser_001.prefab
  artifactKey: Guid(2ba5ac2de7ff0764e8874d18fcb4484c) Importer(815301076,1909f56bfc062723c751e8b465ee728b)
Start importing Assets/Furniture_FREE/Prefabs/dresser_001.prefab using Guid(2ba5ac2de7ff0764e8874d18fcb4484c) Importer(815301076,1909f56bfc062723c751e8b465ee728b)  -> (artifact id: 'a81dc2db414900bc204a7367f2a4f06b') in 0.070947 seconds
Number of updated asset objects reloaded before import = 0
Number of asset objects unloaded after import = 17
========================================================================
Received Import Request.
  Time since last request: 0.000034 seconds.
  path: Assets/Furniture_FREE/Prefabs/coffee_table_001.prefab
  artifactKey: Guid(9f9cd54077faf65438d05b189cdde7f5) Importer(815301076,1909f56bfc062723c751e8b465ee728b)
Start importing Assets/Furniture_FREE/Prefabs/coffee_table_001.prefab using Guid(9f9cd54077faf65438d05b189cdde7f5) Importer(815301076,1909f56bfc062723c751e8b465ee728b)  -> (artifact id: '98889e6ed2c0a1e280d0af075d62fcf1') in 0.078286 seconds
Number of updated asset objects reloaded before import = 0
Number of asset objects unloaded after import = 17
========================================================================
Received Import Request.
  Time since last request: 0.000088 seconds.
  path: Assets/Furniture_FREE/Prefabs/flower_001.prefab
  artifactKey: Guid(625c63d1d4491964d8bdca1e8140e3c1) Importer(815301076,1909f56bfc062723c751e8b465ee728b)
Start importing Assets/Furniture_FREE/Prefabs/flower_001.prefab using Guid(625c63d1d4491964d8bdca1e8140e3c1) Importer(815301076,1909f56bfc062723c751e8b465ee728b)  -> (artifact id: 'a10ff12f7abb34745ab1e698541f00da') in 0.075599 seconds
Number of updated asset objects reloaded before import = 0
Number of asset objects unloaded after import = 17
========================================================================
Received Import Request.
  Time since last request: 1.733811 seconds.
  path: Assets/Furniture_FREE/Prefabs/microwave_oven_001.prefab
  artifactKey: Guid(9212441ed0520ab47817284a41f94845) Importer(815301076,1909f56bfc062723c751e8b465ee728b)
Start importing Assets/Furniture_FREE/Prefabs/microwave_oven_001.prefab using Guid(9212441ed0520ab47817284a41f94845) Importer(815301076,1909f56bfc062723c751e8b465ee728b)  -> (artifact id: 'ee8465d4674b11356832bac95e83cfe3') in 0.073212 seconds
Number of updated asset objects reloaded before import = 0
Number of asset objects unloaded after import = 17
========================================================================
Received Import Request.
  Time since last request: 0.000053 seconds.
  path: Assets/Furniture_FREE/Prefabs/scratching_post_001.prefab
  artifactKey: Guid(d74f3a8534dcedd46838d03042f5cf27) Importer(815301076,1909f56bfc062723c751e8b465ee728b)
Start importing Assets/Furniture_FREE/Prefabs/scratching_post_001.prefab using Guid(d74f3a8534dcedd46838d03042f5cf27) Importer(815301076,1909f56bfc062723c751e8b465ee728b)  -> (artifact id: '036a0a8ceac5561a5cc79c1840a60c1a') in 0.079465 seconds
Number of updated asset objects reloaded before import = 0
Number of asset objects unloaded after import = 17
========================================================================
Received Import Request.
  Time since last request: 0.000055 seconds.
  path: Assets/Furniture_FREE/Prefabs/toy_001.prefab
  artifactKey: Guid(eeaad410de59e8c408e89f8f1260dece) Importer(815301076,1909f56bfc062723c751e8b465ee728b)
Start importing Assets/Furniture_FREE/Prefabs/toy_001.prefab using Guid(eeaad410de59e8c408e89f8f1260dece) Importer(815301076,1909f56bfc062723c751e8b465ee728b)  -> (artifact id: '824e81a335e6711a9ec81c786036f3a9') in 0.071027 seconds
Number of updated asset objects reloaded before import = 0
Number of asset objects unloaded after import = 17
========================================================================
Received Import Request.
  Time since last request: 0.000027 seconds.
  path: Assets/Furniture_FREE/Prefabs/sofa_001.prefab
  artifactKey: Guid(c12cbdd8c7f58cc4e82747b66b152ca9) Importer(815301076,1909f56bfc062723c751e8b465ee728b)
Start importing Assets/Furniture_FREE/Prefabs/sofa_001.prefab using Guid(c12cbdd8c7f58cc4e82747b66b152ca9) Importer(815301076,1909f56bfc062723c751e8b465ee728b)  -> (artifact id: 'f52959199ec37f2e67b5db49166c4299') in 0.069016 seconds
Number of updated asset objects reloaded before import = 0
Number of asset objects unloaded after import = 17
========================================================================
Received Import Request.
  Time since last request: 0.000032 seconds.
  path: Assets/Furniture_FREE/Prefabs/musical_instrument_001.prefab
  artifactKey: Guid(ff8bf27806498b14db60a3c20a21eec2) Importer(815301076,1909f56bfc062723c751e8b465ee728b)
Start importing Assets/Furniture_FREE/Prefabs/musical_instrument_001.prefab using Guid(ff8bf27806498b14db60a3c20a21eec2) Importer(815301076,1909f56bfc062723c751e8b465ee728b)  -> (artifact id: 'fc27d996393dae66eef0009f64ecbc69') in 0.073532 seconds
Number of updated asset objects reloaded before import = 0
Number of asset objects unloaded after import = 17
========================================================================
Received Import Request.
  Time since last request: 0.087823 seconds.
  path: Assets/Furniture_FREE/Prefabs/tv_wall_001.prefab
  artifactKey: Guid(c97a7e3361d4a884ea66a7f03258cdc8) Importer(815301076,1909f56bfc062723c751e8b465ee728b)
Start importing Assets/Furniture_FREE/Prefabs/tv_wall_001.prefab using Guid(c97a7e3361d4a884ea66a7f03258cdc8) Importer(815301076,1909f56bfc062723c751e8b465ee728b)  -> (artifact id: '06fdfbe9b1b3db44748b43f5c541d8b0') in 0.076120 seconds
Number of updated asset objects reloaded before import = 0
Number of asset objects unloaded after import = 17
Editor requested this worker to shutdown with reason: Scaling down because of idle timeout
TcpMessagingSession - receive error: operation aborted. errorcode: 995, details: The I/O operation has been aborted because of either a thread exit or an application request.
AssetImportWorker is now disconnected from the server
Process exiting
Exiting without the bug reporter. Application will terminate with return code 0