Using pre-set license
Built from '2022.3/staging' branch; Version is '2022.3.10f1 (ff3792e53c62) revision 16725906'; Using compiler version '192829333'; Build Type 'Release'
OS: 'Windows 11  (10.0.22621) 64bit Core' Language: 'en' Physical Memory: 16084 MB
BatchMode: 1, IsHumanControllingUs: 0, StartBugReporterOnCrash: 0, Is64bit: 1, IsPro: 1

COMMAND LINE ARGUMENTS:
C:\Program Files\Unity\Hub\Editor\2022.3.10f1\Editor\Unity.exe
-adb2
-batchMode
-noUpm
-name
AssetImportWorker10
-projectPath
C:/Users/hntrp/OneDrive/Documents/SophomoreClasses/VrDev/Final/FinalProject
-logFile
Logs/AssetImportWorker10.log
-srvPort
65273
Successfully changed project path to: C:/Users/hntrp/OneDrive/Documents/SophomoreClasses/VrDev/Final/FinalProject
C:/Users/hntrp/OneDrive/Documents/SophomoreClasses/VrDev/Final/FinalProject
[UnityMemory] Configuration Parameters - Can be set up in boot.config
    "memorysetup-bucket-allocator-granularity=16"
    "memorysetup-bucket-allocator-bucket-count=8"
    "memorysetup-bucket-allocator-block-size=33554432"
    "memorysetup-bucket-allocator-block-count=8"
    "memorysetup-main-allocator-block-size=16777216"
    "memorysetup-thread-allocator-block-size=16777216"
    "memorysetup-gfx-main-allocator-block-size=16777216"
    "memorysetup-gfx-thread-allocator-block-size=16777216"
    "memorysetup-cache-allocator-block-size=4194304"
    "memorysetup-typetree-allocator-block-size=2097152"
    "memorysetup-profiler-bucket-allocator-granularity=16"
    "memorysetup-profiler-bucket-allocator-bucket-count=8"
    "memorysetup-profiler-bucket-allocator-block-size=33554432"
    "memorysetup-profiler-bucket-allocator-block-count=8"
    "memorysetup-profiler-allocator-block-size=16777216"
    "memorysetup-profiler-editor-allocator-block-size=1048576"
    "memorysetup-temp-allocator-size-main=16777216"
    "memorysetup-job-temp-allocator-block-size=2097152"
    "memorysetup-job-temp-allocator-block-size-background=1048576"
    "memorysetup-job-temp-allocator-reduction-small-platforms=262144"
    "memorysetup-allocator-temp-initial-block-size-main=262144"
    "memorysetup-allocator-temp-initial-block-size-worker=262144"
    "memorysetup-temp-allocator-size-background-worker=32768"
    "memorysetup-temp-allocator-size-job-worker=262144"
    "memorysetup-temp-allocator-size-preload-manager=33554432"
    "memorysetup-temp-allocator-size-nav-mesh-worker=65536"
    "memorysetup-temp-allocator-size-audio-worker=65536"
    "memorysetup-temp-allocator-size-cloud-worker=32768"
    "memorysetup-temp-allocator-size-gi-baking-worker=262144"
    "memorysetup-temp-allocator-size-gfx=262144"
Unable to join player connection multicast group (err: 10013).
Player connection [17968] Host "[IP] 172.25.144.1 [Port] 0 [Flags] 2 [Guid] 2091913453 [EditorId] 2091913453 [Version] 1048832 [Id] WindowsEditor(7,MSI) [Debug] 1 [PackageName] WindowsEditor [ProjectName] Editor" joined alternative multi-casting on [225.0.0.222:34997]...

[Physics::Module] Initialized MultithreadedJobDispatcher with 19 workers.
Refreshing native plugins compatible for Editor in 25.10 ms, found 9 plugins.
Preloading 2 native plugins for Editor in 3.55 ms.
Initialize engine version: 2022.3.10f1 (ff3792e53c62)
[Subsystems] Discovering subsystems at path C:/Program Files/Unity/Hub/Editor/2022.3.10f1/Editor/Data/Resources/UnitySubsystems
[Subsystems] Discovering subsystems at path C:/Users/hntrp/OneDrive/Documents/SophomoreClasses/VrDev/Final/FinalProject/Assets
GfxDevice: creating device client; threaded=0; jobified=0
Direct3D:
    Version:  Direct3D 11.0 [level 11.1]
    Renderer: Intel(R) Iris(R) Xe Graphics (ID=0x46a6)
    Vendor:   Intel
    VRAM:     8042 MB
    Driver:   31.0.101.4032
Shader 'Oculus/OVRMRCameraFrameLit': fallback shader 'Alpha-Diffuse' not found
Initialize mono
Mono path[0] = 'C:/Program Files/Unity/Hub/Editor/2022.3.10f1/Editor/Data/Managed'
Mono path[1] = 'C:/Program Files/Unity/Hub/Editor/2022.3.10f1/Editor/Data/MonoBleedingEdge/lib/mono/unityjit-win32'
Mono config path = 'C:/Program Files/Unity/Hub/Editor/2022.3.10f1/Editor/Data/MonoBleedingEdge/etc'
Using monoOptions --debugger-agent=transport=dt_socket,embedding=1,server=y,suspend=n,address=127.0.0.1:56380
Begin MonoManager ReloadAssembly
Registering precompiled unity dll's ...
Register platform support module: C:/Program Files/Unity/Hub/Editor/2022.3.10f1/Editor/Data/PlaybackEngines/AndroidPlayer/UnityEditor.Android.Extensions.dll
Register platform support module: C:/Program Files/Unity/Hub/Editor/2022.3.10f1/Editor/Data/PlaybackEngines/WindowsStandaloneSupport/UnityEditor.WindowsStandalone.Extensions.dll
Registered in 0.005904 seconds.
- Loaded All Assemblies, in  0.305 seconds
Native extension for WindowsStandalone target not found
Native extension for Android target not found
Android Extension - Scanning For ADB Devices 569 ms
Mono: successfully reloaded assembly
- Finished resetting the current domain, in  0.872 seconds
Domain Reload Profiling: 1176ms
	BeginReloadAssembly (94ms)
		ExecutionOrderSort (0ms)
		DisableScriptedObjects (0ms)
		BackupInstance (0ms)
		ReleaseScriptingObjects (0ms)
		CreateAndSetChildDomain (1ms)
	RebuildCommonClasses (29ms)
	RebuildNativeTypeToScriptingClass (8ms)
	initialDomainReloadingComplete (47ms)
	LoadAllAssembliesAndSetupDomain (125ms)
		LoadAssemblies (93ms)
		RebuildTransferFunctionScriptingTraits (0ms)
		AnalyzeDomain (122ms)
			TypeCache.Refresh (121ms)
				TypeCache.ScanAssembly (109ms)
			ScanForSourceGeneratedMonoScriptInfo (0ms)
			ResolveRequiredComponents (0ms)
	FinalizeReload (873ms)
		ReleaseScriptCaches (0ms)
		RebuildScriptCaches (0ms)
		SetupLoadedEditorAssemblies (819ms)
			LogAssemblyErrors (0ms)
			InitializePlatformSupportModulesInManaged (678ms)
			SetLoadedEditorAssemblies (3ms)
			RefreshPlugins (0ms)
			BeforeProcessingInitializeOnLoad (2ms)
			ProcessInitializeOnLoadAttributes (77ms)
			ProcessInitializeOnLoadMethodAttributes (59ms)
			AfterProcessingInitializeOnLoad (0ms)
			EditorAssembliesLoaded (0ms)
		ExecutionOrderSort2 (0ms)
		AwakeInstancesAfterBackupRestoration (0ms)
========================================================================
Worker process is ready to serve import requests
Begin MonoManager ReloadAssembly
- Loaded All Assemblies, in  0.758 seconds
Refreshing native plugins compatible for Editor in 12.25 ms, found 9 plugins.
Native extension for WindowsStandalone target not found
Native extension for Android target not found
Package Manager log level set to [2]
[Package Manager] Server::EnsureServerProcessIsRunning -- launch failed, reason: Unity was launched with the -noUpm command-line argument
[Package Manager] UpmClient::Send -- Unable to send message (not connected to UPM process).
[Package Manager] Cannot connect to Unity Package Manager local server
[Package Manager] Server::EnsureServerProcessIsRunning -- launch failed, reason: Unity was launched with the -noUpm command-line argument
[Package Manager] UpmClient::Send -- Unable to send message (not connected to UPM process).
[Package Manager] Cannot connect to Unity Package Manager local server
[XR] OculusXRPlugin: registering subsystems
[XR] Unable to register display lifecyle provider: [1]
[XR] Oculus Input lifecycle provider registered.
[XR] Unable to register input lifecyle provider: [1]
[XR] OVRP version 1.89.0
Mono: successfully reloaded assembly
[Package Manager] Server::EnsureServerProcessIsRunning -- launch failed, reason: Unity was launched with the -noUpm command-line argument
[Package Manager] UpmClient::Send -- Unable to send message (not connected to UPM process).
[Package Manager] Cannot connect to Unity Package Manager local server
[Package Manager] Server::EnsureServerProcessIsRunning -- launch failed, reason: Unity was launched with the -noUpm command-line argument
[Package Manager] UpmClient::Send -- Unable to send message (not connected to UPM process).
[Package Manager] Cannot connect to Unity Package Manager local server
- Finished resetting the current domain, in  0.758 seconds
Domain Reload Profiling: 1511ms
	BeginReloadAssembly (129ms)
		ExecutionOrderSort (0ms)
		DisableScriptedObjects (5ms)
		BackupInstance (0ms)
		ReleaseScriptingObjects (0ms)
		CreateAndSetChildDomain (19ms)
	RebuildCommonClasses (28ms)
	RebuildNativeTypeToScriptingClass (9ms)
	initialDomainReloadingComplete (40ms)
	LoadAllAssembliesAndSetupDomain (547ms)
		LoadAssemblies (414ms)
		RebuildTransferFunctionScriptingTraits (0ms)
		AnalyzeDomain (210ms)
			TypeCache.Refresh (170ms)
				TypeCache.ScanAssembly (153ms)
			ScanForSourceGeneratedMonoScriptInfo (28ms)
			ResolveRequiredComponents (10ms)
	FinalizeReload (759ms)
		ReleaseScriptCaches (0ms)
		RebuildScriptCaches (0ms)
		SetupLoadedEditorAssemblies (575ms)
			LogAssemblyErrors (0ms)
			InitializePlatformSupportModulesInManaged (21ms)
			SetLoadedEditorAssemblies (5ms)
			RefreshPlugins (0ms)
			BeforeProcessingInitializeOnLoad (86ms)
			ProcessInitializeOnLoadAttributes (433ms)
			ProcessInitializeOnLoadMethodAttributes (25ms)
			AfterProcessingInitializeOnLoad (5ms)
			EditorAssembliesLoaded (0ms)
		ExecutionOrderSort2 (0ms)
		AwakeInstancesAfterBackupRestoration (8ms)
Shader 'Oculus/OVRMRCameraFrameLit': fallback shader 'Alpha-Diffuse' not found
Launched and connected shader compiler UnityShaderCompiler.exe after 0.13 seconds
Refreshing native plugins compatible for Editor in 14.37 ms, found 9 plugins.
Preloading 2 native plugins for Editor in 0.11 ms.
Unloading 5524 Unused Serialized files (Serialized files now loaded: 0)
Unloading 91 unused Assets / (448.2 KB). Loaded Objects now: 5975.
Memory consumption went from 240.0 MB to 239.5 MB.
Total: 4.938500 ms (FindLiveObjects: 0.369900 ms CreateObjectMapping: 0.246200 ms MarkObjects: 4.027300 ms  DeleteObjects: 0.293800 ms)

AssetImportParameters requested are different than current active one (requested -> active):
  custom:container-demuxer-ogg: 62fdf1f143b41e24485cea50d1cbac27 -> 
  custom:video-decoder-ogg-theora: a1e56fd34408186e4bbccfd4996cb3dc -> 
  custom:framework-win-MediaFoundation: 216162199b28c13a410421893ffa2e32 -> 
  custom:CustomObjectIndexerAttribute: 756ad292c208cfabdd7b50bc23989ffe -> 
  custom:container-demuxer-webm: 4f35f7cbe854078d1ac9338744f61a02 -> 
  custom:container-muxer-webm: aa71ff27fc2769a1b78a27578f13a17b -> 
  custom:video-decoder-webm-vp8: 9c59270c3fd7afecdb556c50c9e8de78 -> 
  custom:SearchIndexIgnoredProperties: e643bd26f0fe6173181afceb89e7c659 -> 
  custom:AudioImporter_EditorPlatform: d09bf68614088b80899f8185d706f6e7 -> 
  custom:video-encoder-webm-vp8: eb34c28f22e8b96e1ab97ce403110664 -> 
  custom:audio-decoder-ogg-vorbis: bf7c407c2cedff20999df2af8eb42d56 -> 
  custom:audio-encoder-webm-vorbis: bf7c407c2cedff20999df2af8eb42d56 -> 
========================================================================
Received Import Request.
  Time since last request: 982375.681447 seconds.
  path: Assets/Ultimate 10 Plus Shaders/Materials/Unique/Dissolve.mat
  artifactKey: Guid(3e7101ee60b046b418bc7a05d385162b) Importer(815301076,1909f56bfc062723c751e8b465ee728b)
Start importing Assets/Ultimate 10 Plus Shaders/Materials/Unique/Dissolve.mat using Guid(3e7101ee60b046b418bc7a05d385162b) Importer(815301076,1909f56bfc062723c751e8b465ee728b)  -> (artifact id: 'c98821f1b881941d89d67c8133f8e847') in 0.797954 seconds
Number of updated asset objects reloaded before import = 0
Number of asset objects unloaded after import = 2
========================================================================
Received Import Request.
  Time since last request: 0.000056 seconds.
  path: Assets/Ultimate 10 Plus Shaders/Materials/Unique/Lava3D.mat
  artifactKey: Guid(764ca85244fe1b84098c95e706e8bd59) Importer(815301076,1909f56bfc062723c751e8b465ee728b)
Start importing Assets/Ultimate 10 Plus Shaders/Materials/Unique/Lava3D.mat using Guid(764ca85244fe1b84098c95e706e8bd59) Importer(815301076,1909f56bfc062723c751e8b465ee728b)  -> (artifact id: 'e78b2e250bb7b392d7b38c623647edac') in 0.152753 seconds
Number of updated asset objects reloaded before import = 0
Number of asset objects unloaded after import = 2
========================================================================
Received Import Request.
  Time since last request: 0.000032 seconds.
  path: Assets/Ultimate 10 Plus Shaders/Materials/Unique/Ocean (1).mat
  artifactKey: Guid(ee0ab92234b477d4d8838ca4754e7222) Importer(815301076,1909f56bfc062723c751e8b465ee728b)
Start importing Assets/Ultimate 10 Plus Shaders/Materials/Unique/Ocean (1).mat using Guid(ee0ab92234b477d4d8838ca4754e7222) Importer(815301076,1909f56bfc062723c751e8b465ee728b)  -> (artifact id: '5f6bd9acab1e84df328a9944f1e32b88') in 0.245234 seconds
Number of updated asset objects reloaded before import = 0
Number of asset objects unloaded after import = 1
========================================================================
Received Prepare
Begin MonoManager ReloadAssembly
- Loaded All Assemblies, in  0.544 seconds
Refreshing native plugins compatible for Editor in 12.52 ms, found 9 plugins.
Native extension for WindowsStandalone target not found
Native extension for Android target not found
[Package Manager] Server::EnsureServerProcessIsRunning -- launch failed, reason: Unity was launched with the -noUpm command-line argument
[Package Manager] UpmClient::Send -- Unable to send message (not connected to UPM process).
[Package Manager] Cannot connect to Unity Package Manager local server
[Package Manager] Server::EnsureServerProcessIsRunning -- launch failed, reason: Unity was launched with the -noUpm command-line argument
[Package Manager] UpmClient::Send -- Unable to send message (not connected to UPM process).
[Package Manager] Cannot connect to Unity Package Manager local server
Mono: successfully reloaded assembly
[Package Manager] Server::EnsureServerProcessIsRunning -- launch failed, reason: Unity was launched with the -noUpm command-line argument
[Package Manager] UpmClient::Send -- Unable to send message (not connected to UPM process).
[Package Manager] Cannot connect to Unity Package Manager local server
- Finished resetting the current domain, in  1.797 seconds
Domain Reload Profiling: 2337ms
	BeginReloadAssembly (172ms)
		ExecutionOrderSort (0ms)
		DisableScriptedObjects (3ms)
		BackupInstance (0ms)
		ReleaseScriptingObjects (0ms)
		CreateAndSetChildDomain (44ms)
	RebuildCommonClasses (27ms)
	RebuildNativeTypeToScriptingClass (10ms)
	initialDomainReloadingComplete (27ms)
	LoadAllAssembliesAndSetupDomain (303ms)
		LoadAssemblies (363ms)
		RebuildTransferFunctionScriptingTraits (0ms)
		AnalyzeDomain (21ms)
			TypeCache.Refresh (6ms)
				TypeCache.ScanAssembly (0ms)
			ScanForSourceGeneratedMonoScriptInfo (0ms)
			ResolveRequiredComponents (13ms)
	FinalizeReload (1798ms)
		ReleaseScriptCaches (0ms)
		RebuildScriptCaches (0ms)
		SetupLoadedEditorAssemblies (758ms)
			LogAssemblyErrors (0ms)
			InitializePlatformSupportModulesInManaged (37ms)
			SetLoadedEditorAssemblies (6ms)
			RefreshPlugins (0ms)
			BeforeProcessingInitializeOnLoad (152ms)
			ProcessInitializeOnLoadAttributes (516ms)
			ProcessInitializeOnLoadMethodAttributes (38ms)
			AfterProcessingInitializeOnLoad (9ms)
			EditorAssembliesLoaded (0ms)
		ExecutionOrderSort2 (0ms)
		AwakeInstancesAfterBackupRestoration (14ms)
Shader 'Oculus/OVRMRCameraFrameLit': fallback shader 'Alpha-Diffuse' not found
Refreshing native plugins compatible for Editor in 25.81 ms, found 9 plugins.
Preloading 2 native plugins for Editor in 0.17 ms.
Unloading 5364 Unused Serialized files (Serialized files now loaded: 0)
Unloading 74 unused Assets / (420.9 KB). Loaded Objects now: 6019.
Memory consumption went from 202.9 MB to 202.5 MB.
Total: 6.884400 ms (FindLiveObjects: 0.545600 ms CreateObjectMapping: 0.356300 ms MarkObjects: 5.309300 ms  DeleteObjects: 0.671000 ms)

Prepare: number of updated asset objects reloaded= 0
AssetImportParameters requested are different than current active one (requested -> active):
  custom:container-demuxer-ogg: 62fdf1f143b41e24485cea50d1cbac27 -> 
  custom:video-decoder-ogg-theora: a1e56fd34408186e4bbccfd4996cb3dc -> 
  custom:framework-win-MediaFoundation: 216162199b28c13a410421893ffa2e32 -> 
  custom:CustomObjectIndexerAttribute: 756ad292c208cfabdd7b50bc23989ffe -> 
  custom:container-demuxer-webm: 4f35f7cbe854078d1ac9338744f61a02 -> 
  custom:container-muxer-webm: aa71ff27fc2769a1b78a27578f13a17b -> 
  custom:video-decoder-webm-vp8: 9c59270c3fd7afecdb556c50c9e8de78 -> 
  custom:SearchIndexIgnoredProperties: e643bd26f0fe6173181afceb89e7c659 -> 
  custom:AudioImporter_EditorPlatform: d09bf68614088b80899f8185d706f6e7 -> 
  custom:video-encoder-webm-vp8: eb34c28f22e8b96e1ab97ce403110664 -> 
  custom:audio-decoder-ogg-vorbis: bf7c407c2cedff20999df2af8eb42d56 -> 
  custom:audio-encoder-webm-vorbis: bf7c407c2cedff20999df2af8eb42d56 -> 
========================================================================
Received Prepare
Begin MonoManager ReloadAssembly
- Loaded All Assemblies, in  0.546 seconds
Refreshing native plugins compatible for Editor in 20.32 ms, found 9 plugins.
Native extension for WindowsStandalone target not found
Native extension for Android target not found
[Package Manager] Server::EnsureServerProcessIsRunning -- launch failed, reason: Unity was launched with the -noUpm command-line argument
[Package Manager] UpmClient::Send -- Unable to send message (not connected to UPM process).
[Package Manager] Cannot connect to Unity Package Manager local server
[Package Manager] Server::EnsureServerProcessIsRunning -- launch failed, reason: Unity was launched with the -noUpm command-line argument
[Package Manager] UpmClient::Send -- Unable to send message (not connected to UPM process).
[Package Manager] Cannot connect to Unity Package Manager local server
Mono: successfully reloaded assembly
[Package Manager] Server::EnsureServerProcessIsRunning -- launch failed, reason: Unity was launched with the -noUpm command-line argument
[Package Manager] UpmClient::Send -- Unable to send message (not connected to UPM process).
[Package Manager] Cannot connect to Unity Package Manager local server
- Finished resetting the current domain, in  2.798 seconds
Domain Reload Profiling: 3341ms
	BeginReloadAssembly (147ms)
		ExecutionOrderSort (0ms)
		DisableScriptedObjects (3ms)
		BackupInstance (0ms)
		ReleaseScriptingObjects (0ms)
		CreateAndSetChildDomain (35ms)
	RebuildCommonClasses (26ms)
	RebuildNativeTypeToScriptingClass (9ms)
	initialDomainReloadingComplete (28ms)
	LoadAllAssembliesAndSetupDomain (331ms)
		LoadAssemblies (379ms)
		RebuildTransferFunctionScriptingTraits (0ms)
		AnalyzeDomain (26ms)
			TypeCache.Refresh (8ms)
				TypeCache.ScanAssembly (0ms)
			ScanForSourceGeneratedMonoScriptInfo (0ms)
			ResolveRequiredComponents (16ms)
	FinalizeReload (2800ms)
		ReleaseScriptCaches (0ms)
		RebuildScriptCaches (0ms)
		SetupLoadedEditorAssemblies (1209ms)
			LogAssemblyErrors (0ms)
			InitializePlatformSupportModulesInManaged (67ms)
			SetLoadedEditorAssemblies (11ms)
			RefreshPlugins (0ms)
			BeforeProcessingInitializeOnLoad (246ms)
			ProcessInitializeOnLoadAttributes (808ms)
			ProcessInitializeOnLoadMethodAttributes (57ms)
			AfterProcessingInitializeOnLoad (19ms)
			EditorAssembliesLoaded (1ms)
		ExecutionOrderSort2 (0ms)
		AwakeInstancesAfterBackupRestoration (24ms)
Shader 'Oculus/OVRMRCameraFrameLit': fallback shader 'Alpha-Diffuse' not found
Refreshing native plugins compatible for Editor in 49.63 ms, found 9 plugins.
Preloading 2 native plugins for Editor in 0.36 ms.
Unloading 5365 Unused Serialized files (Serialized files now loaded: 0)
Unloading 73 unused Assets / (404.9 KB). Loaded Objects now: 6023.
Memory consumption went from 203.2 MB to 202.8 MB.
Total: 10.462500 ms (FindLiveObjects: 0.727100 ms CreateObjectMapping: 0.515400 ms MarkObjects: 8.513400 ms  DeleteObjects: 0.703000 ms)

Prepare: number of updated asset objects reloaded= 0
AssetImportParameters requested are different than current active one (requested -> active):
  custom:container-demuxer-ogg: 62fdf1f143b41e24485cea50d1cbac27 -> 
  custom:video-decoder-ogg-theora: a1e56fd34408186e4bbccfd4996cb3dc -> 
  custom:framework-win-MediaFoundation: 216162199b28c13a410421893ffa2e32 -> 
  custom:CustomObjectIndexerAttribute: 756ad292c208cfabdd7b50bc23989ffe -> 
  custom:container-demuxer-webm: 4f35f7cbe854078d1ac9338744f61a02 -> 
  custom:container-muxer-webm: aa71ff27fc2769a1b78a27578f13a17b -> 
  custom:video-decoder-webm-vp8: 9c59270c3fd7afecdb556c50c9e8de78 -> 
  custom:SearchIndexIgnoredProperties: e643bd26f0fe6173181afceb89e7c659 -> 
  custom:AudioImporter_EditorPlatform: d09bf68614088b80899f8185d706f6e7 -> 
  custom:video-encoder-webm-vp8: eb34c28f22e8b96e1ab97ce403110664 -> 
  custom:audio-decoder-ogg-vorbis: bf7c407c2cedff20999df2af8eb42d56 -> 
  custom:audio-encoder-webm-vorbis: bf7c407c2cedff20999df2af8eb42d56 -> 
========================================================================
Received Prepare
Begin MonoManager ReloadAssembly
- Loaded All Assemblies, in  0.760 seconds
Refreshing native plugins compatible for Editor in 20.89 ms, found 9 plugins.
Native extension for WindowsStandalone target not found
Native extension for Android target not found
[Package Manager] Server::EnsureServerProcessIsRunning -- launch failed, reason: Unity was launched with the -noUpm command-line argument
[Package Manager] UpmClient::Send -- Unable to send message (not connected to UPM process).
[Package Manager] Cannot connect to Unity Package Manager local server
[Package Manager] Server::EnsureServerProcessIsRunning -- launch failed, reason: Unity was launched with the -noUpm command-line argument
[Package Manager] UpmClient::Send -- Unable to send message (not connected to UPM process).
[Package Manager] Cannot connect to Unity Package Manager local server
Mono: successfully reloaded assembly
[Package Manager] Server::EnsureServerProcessIsRunning -- launch failed, reason: Unity was launched with the -noUpm command-line argument
[Package Manager] UpmClient::Send -- Unable to send message (not connected to UPM process).
[Package Manager] Cannot connect to Unity Package Manager local server
- Finished resetting the current domain, in  2.975 seconds
Domain Reload Profiling: 3729ms
	BeginReloadAssembly (212ms)
		ExecutionOrderSort (0ms)
		DisableScriptedObjects (4ms)
		BackupInstance (0ms)
		ReleaseScriptingObjects (0ms)
		CreateAndSetChildDomain (47ms)
	RebuildCommonClasses (41ms)
	RebuildNativeTypeToScriptingClass (15ms)
	initialDomainReloadingComplete (40ms)
	LoadAllAssembliesAndSetupDomain (446ms)
		LoadAssemblies (527ms)
		RebuildTransferFunctionScriptingTraits (0ms)
		AnalyzeDomain (32ms)
			TypeCache.Refresh (10ms)
				TypeCache.ScanAssembly (0ms)
			ScanForSourceGeneratedMonoScriptInfo (0ms)
			ResolveRequiredComponents (20ms)
	FinalizeReload (2976ms)
		ReleaseScriptCaches (0ms)
		RebuildScriptCaches (0ms)
		SetupLoadedEditorAssemblies (1182ms)
			LogAssemblyErrors (0ms)
			InitializePlatformSupportModulesInManaged (61ms)
			SetLoadedEditorAssemblies (9ms)
			RefreshPlugins (0ms)
			BeforeProcessingInitializeOnLoad (230ms)
			ProcessInitializeOnLoadAttributes (807ms)
			ProcessInitializeOnLoadMethodAttributes (60ms)
			AfterProcessingInitializeOnLoad (16ms)
			EditorAssembliesLoaded (1ms)
		ExecutionOrderSort2 (0ms)
		AwakeInstancesAfterBackupRestoration (20ms)
Shader 'Oculus/OVRMRCameraFrameLit': fallback shader 'Alpha-Diffuse' not found
Refreshing native plugins compatible for Editor in 36.32 ms, found 9 plugins.
Preloading 2 native plugins for Editor in 0.24 ms.
Unloading 5365 Unused Serialized files (Serialized files now loaded: 0)
Unloading 73 unused Assets / (404.9 KB). Loaded Objects now: 6027.
Memory consumption went from 203.2 MB to 202.8 MB.
Total: 8.771100 ms (FindLiveObjects: 0.685500 ms CreateObjectMapping: 0.494900 ms MarkObjects: 7.042100 ms  DeleteObjects: 0.544500 ms)

Prepare: number of updated asset objects reloaded= 0
AssetImportParameters requested are different than current active one (requested -> active):
  custom:container-demuxer-ogg: 62fdf1f143b41e24485cea50d1cbac27 -> 
  custom:video-decoder-ogg-theora: a1e56fd34408186e4bbccfd4996cb3dc -> 
  custom:framework-win-MediaFoundation: 216162199b28c13a410421893ffa2e32 -> 
  custom:CustomObjectIndexerAttribute: 756ad292c208cfabdd7b50bc23989ffe -> 
  custom:container-demuxer-webm: 4f35f7cbe854078d1ac9338744f61a02 -> 
  custom:container-muxer-webm: aa71ff27fc2769a1b78a27578f13a17b -> 
  custom:video-decoder-webm-vp8: 9c59270c3fd7afecdb556c50c9e8de78 -> 
  custom:SearchIndexIgnoredProperties: e643bd26f0fe6173181afceb89e7c659 -> 
  custom:AudioImporter_EditorPlatform: d09bf68614088b80899f8185d706f6e7 -> 
  custom:video-encoder-webm-vp8: eb34c28f22e8b96e1ab97ce403110664 -> 
  custom:audio-decoder-ogg-vorbis: bf7c407c2cedff20999df2af8eb42d56 -> 
  custom:audio-encoder-webm-vorbis: bf7c407c2cedff20999df2af8eb42d56 -> 
========================================================================
Received Import Request.
  Time since last request: 796.226882 seconds.
  path: Assets/Prefabs/brokenWall2.prefab
  artifactKey: Guid(c9187275af71a3a42b15e720bb598f89) Importer(815301076,1909f56bfc062723c751e8b465ee728b)
Start importing Assets/Prefabs/brokenWall2.prefab using Guid(c9187275af71a3a42b15e720bb598f89) Importer(815301076,1909f56bfc062723c751e8b465ee728b)  -> (artifact id: '6c67d4964718cfc8363168125f009437') in 0.184373 seconds
Number of updated asset objects reloaded before import = 0
Number of asset objects unloaded after import = 80
========================================================================
Received Import Request.
  Time since last request: 840.434230 seconds.
  path: Assets/textures/can4.png
  artifactKey: Guid(fa858d0d92b903b4f9ef2e98aa5bc012) Importer(815301076,1909f56bfc062723c751e8b465ee728b)
Start importing Assets/textures/can4.png using Guid(fa858d0d92b903b4f9ef2e98aa5bc012) Importer(815301076,1909f56bfc062723c751e8b465ee728b)  -> (artifact id: '6c144325e44f1fca05b45dca60dd9bcb') in 0.095146 seconds
Number of updated asset objects reloaded before import = 0
Number of asset objects unloaded after import = 2
========================================================================
Received Import Request.
  Time since last request: 0.008110 seconds.
  path: Assets/textures/dh35fs-1b9dad04-91f2-4439-8968-928de37d148e.jpeg
  artifactKey: Guid(c4dd97a0a77ecc444a47e17fa313643f) Importer(815301076,1909f56bfc062723c751e8b465ee728b)
Start importing Assets/textures/dh35fs-1b9dad04-91f2-4439-8968-928de37d148e.jpeg using Guid(c4dd97a0a77ecc444a47e17fa313643f) Importer(815301076,1909f56bfc062723c751e8b465ee728b)  -> (artifact id: 'cb794c6d0310f3460dcfaf9f8a5c252f') in 0.113769 seconds
Number of updated asset objects reloaded before import = 0
Number of asset objects unloaded after import = 2
========================================================================
Received Import Request.
  Time since last request: 0.000125 seconds.
  path: Assets/textures/hoodie_back_256.png
  artifactKey: Guid(d65c6873e99f9ab429bad713855ea019) Importer(815301076,1909f56bfc062723c751e8b465ee728b)
Start importing Assets/textures/hoodie_back_256.png using Guid(d65c6873e99f9ab429bad713855ea019) Importer(815301076,1909f56bfc062723c751e8b465ee728b)  -> (artifact id: '0e6a92dbff1128a94f99c08b7e1be190') in 0.065026 seconds
Number of updated asset objects reloaded before import = 0
Number of asset objects unloaded after import = 2
========================================================================
Received Import Request.
  Time since last request: 0.000032 seconds.
  path: Assets/textures/spray-paint-can-4k-and-2k-textures-3d-model-39e7bb0537.jpeg
  artifactKey: Guid(2639ac8be099b6e45b71e0b6f5fa560e) Importer(815301076,1909f56bfc062723c751e8b465ee728b)
Start importing Assets/textures/spray-paint-can-4k-and-2k-textures-3d-model-39e7bb0537.jpeg using Guid(2639ac8be099b6e45b71e0b6f5fa560e) Importer(815301076,1909f56bfc062723c751e8b465ee728b)  -> (artifact id: '9a0f1a9ad89f8a2ebc2ad94d62e697c8') in 0.055985 seconds
Number of updated asset objects reloaded before import = 0
Number of asset objects unloaded after import = 2
========================================================================
Received Import Request.
  Time since last request: 0.000035 seconds.
  path: Assets/textures/paintcan.jpeg
  artifactKey: Guid(9436e322f823d06488442bd4110936e9) Importer(815301076,1909f56bfc062723c751e8b465ee728b)
Start importing Assets/textures/paintcan.jpeg using Guid(9436e322f823d06488442bd4110936e9) Importer(815301076,1909f56bfc062723c751e8b465ee728b)  -> (artifact id: '1054729fa6a928875cf6d85e2f5715c9') in 0.035797 seconds
Number of updated asset objects reloaded before import = 0
Number of asset objects unloaded after import = 2
========================================================================
Received Import Request.
  Time since last request: 0.000035 seconds.
  path: Assets/textures/hkhj.jpeg
  artifactKey: Guid(58f1101b2f000304b844bfb39f1aacdd) Importer(815301076,1909f56bfc062723c751e8b465ee728b)
Start importing Assets/textures/hkhj.jpeg using Guid(58f1101b2f000304b844bfb39f1aacdd) Importer(815301076,1909f56bfc062723c751e8b465ee728b)  -> (artifact id: '68ed1e1108d069289b7800d537ab121e') in 0.043138 seconds
Number of updated asset objects reloaded before import = 0
Number of asset objects unloaded after import = 2
========================================================================
Received Import Request.
  Time since last request: 0.000032 seconds.
  path: Assets/textures/jihun-park-mattress2.jpeg
  artifactKey: Guid(42fa6b7a81d71674b8b27b6918417bb4) Importer(815301076,1909f56bfc062723c751e8b465ee728b)
Start importing Assets/textures/jihun-park-mattress2.jpeg using Guid(42fa6b7a81d71674b8b27b6918417bb4) Importer(815301076,1909f56bfc062723c751e8b465ee728b)  -> (artifact id: 'be1d535408f339bf8aebb412ad42bdfe') in 0.050331 seconds
Number of updated asset objects reloaded before import = 0
Number of asset objects unloaded after import = 2
========================================================================
Received Import Request.
  Time since last request: 0.014087 seconds.
  path: Assets/textures/pants_256x256px.png
  artifactKey: Guid(394a955e6aa91d9469070fb3c228f011) Importer(815301076,1909f56bfc062723c751e8b465ee728b)
Start importing Assets/textures/pants_256x256px.png using Guid(394a955e6aa91d9469070fb3c228f011) Importer(815301076,1909f56bfc062723c751e8b465ee728b)  -> (artifact id: '8acd670e38cfe85059dcc1cec48e99a4') in 0.043472 seconds
Number of updated asset objects reloaded before import = 0
Number of asset objects unloaded after import = 2
========================================================================
Received Import Request.
  Time since last request: 0.000034 seconds.
  path: Assets/textures/cartonbox_dithered_256px.png
  artifactKey: Guid(cf01d9523d0b4da4c99768ba98d39075) Importer(815301076,1909f56bfc062723c751e8b465ee728b)
Start importing Assets/textures/cartonbox_dithered_256px.png using Guid(cf01d9523d0b4da4c99768ba98d39075) Importer(815301076,1909f56bfc062723c751e8b465ee728b)  -> (artifact id: '3054af6dd87acfe577cf173d803f8a69') in 0.044588 seconds
Number of updated asset objects reloaded before import = 0
Number of asset objects unloaded after import = 2
========================================================================
Received Import Request.
  Time since last request: 0.000530 seconds.
  path: Assets/textures/cleaner_bottlz.png
  artifactKey: Guid(8138bb804d4eb29458d7b4b0d39b6e07) Importer(815301076,1909f56bfc062723c751e8b465ee728b)
Start importing Assets/textures/cleaner_bottlz.png using Guid(8138bb804d4eb29458d7b4b0d39b6e07) Importer(815301076,1909f56bfc062723c751e8b465ee728b)  -> (artifact id: 'd3726570fc11c3ef32cd07f6b0aaa9ae') in 0.038993 seconds
Number of updated asset objects reloaded before import = 0
Number of asset objects unloaded after import = 2
========================================================================
Received Import Request.
  Time since last request: 0.000094 seconds.
  path: Assets/textures/SkinlessHuman_LowRes.png
  artifactKey: Guid(c369bf8218f3bd94dbee3a3606be4b43) Importer(815301076,1909f56bfc062723c751e8b465ee728b)
Start importing Assets/textures/SkinlessHuman_LowRes.png using Guid(c369bf8218f3bd94dbee3a3606be4b43) Importer(815301076,1909f56bfc062723c751e8b465ee728b)  -> (artifact id: '027276d37440083a64cb59eebfb98203') in 0.041241 seconds
Number of updated asset objects reloaded before import = 0
Number of asset objects unloaded after import = 2
========================================================================
Received Import Request.
  Time since last request: 0.000030 seconds.
  path: Assets/textures/pj0dx4ni.jpeg
  artifactKey: Guid(f2a1438515827114fa8393ca8945770a) Importer(815301076,1909f56bfc062723c751e8b465ee728b)
Start importing Assets/textures/pj0dx4ni.jpeg using Guid(f2a1438515827114fa8393ca8945770a) Importer(815301076,1909f56bfc062723c751e8b465ee728b)  -> (artifact id: 'c3416708ecca0134c93076aeea4df946') in 0.052744 seconds
Number of updated asset objects reloaded before import = 0
Number of asset objects unloaded after import = 2
========================================================================
Received Import Request.
  Time since last request: 0.000089 seconds.
  path: Assets/textures/door_256.png
  artifactKey: Guid(c137e472da26f4e46bcef423f7c4c60d) Importer(815301076,1909f56bfc062723c751e8b465ee728b)
Start importing Assets/textures/door_256.png using Guid(c137e472da26f4e46bcef423f7c4c60d) Importer(815301076,1909f56bfc062723c751e8b465ee728b)  -> (artifact id: 'e93367d301bd2c69837b2612cf2598eb') in 0.038803 seconds
Number of updated asset objects reloaded before import = 0
Number of asset objects unloaded after import = 2
========================================================================
Received Import Request.
  Time since last request: 0.000158 seconds.
  path: Assets/textures/frontglove_256.png
  artifactKey: Guid(608bc7ccb6f2e3148bb1eb4c9991c948) Importer(815301076,1909f56bfc062723c751e8b465ee728b)
Start importing Assets/textures/frontglove_256.png using Guid(608bc7ccb6f2e3148bb1eb4c9991c948) Importer(815301076,1909f56bfc062723c751e8b465ee728b)  -> (artifact id: '1ee8362fc0b366273efae8419e13859f') in 0.044130 seconds
Number of updated asset objects reloaded before import = 0
Number of asset objects unloaded after import = 2
========================================================================
Received Import Request.
  Time since last request: 4.118261 seconds.
  path: Assets/textures/vaccumpipe256.jpeg
  artifactKey: Guid(a739e72fd51dd0147a4e9af0b8a45ef5) Importer(815301076,1909f56bfc062723c751e8b465ee728b)
Start importing Assets/textures/vaccumpipe256.jpeg using Guid(a739e72fd51dd0147a4e9af0b8a45ef5) Importer(815301076,1909f56bfc062723c751e8b465ee728b)  -> (artifact id: '99328667d126e1d77620248813d6199f') in 0.053283 seconds
Number of updated asset objects reloaded before import = 0
Number of asset objects unloaded after import = 2
========================================================================
Received Import Request.
  Time since last request: 0.000153 seconds.
  path: Assets/textures/wet-vacuum-cleaner-1000x1000-3.png
  artifactKey: Guid(e465bed255544ec4eb0d3e2d135fb622) Importer(815301076,1909f56bfc062723c751e8b465ee728b)
Start importing Assets/textures/wet-vacuum-cleaner-1000x1000-3.png using Guid(e465bed255544ec4eb0d3e2d135fb622) Importer(815301076,1909f56bfc062723c751e8b465ee728b)  -> (artifact id: '08ba026e4a27d199eaedb469755fbd61') in 0.062754 seconds
Number of updated asset objects reloaded before import = 0
Number of asset objects unloaded after import = 2
========================================================================
Received Import Request.
  Time since last request: 0.000309 seconds.
  path: Assets/textures/wet-vacuum-cleaner-1000x1000-2.png
  artifactKey: Guid(fc761592da0c6e04897b17fe79f263d8) Importer(815301076,1909f56bfc062723c751e8b465ee728b)
Start importing Assets/textures/wet-vacuum-cleaner-1000x1000-2.png using Guid(fc761592da0c6e04897b17fe79f263d8) Importer(815301076,1909f56bfc062723c751e8b465ee728b)  -> (artifact id: '83be11b9840b02d14978b477b1b47b84') in 0.051234 seconds
Number of updated asset objects reloaded before import = 0
Number of asset objects unloaded after import = 2
========================================================================
Received Import Request.
  Time since last request: 14.010722 seconds.
  path: Assets/textures/Annotation2023-05-20093410.png
  artifactKey: Guid(752db1275ff98a44999ea80d26c7d400) Importer(815301076,1909f56bfc062723c751e8b465ee728b)
Start importing Assets/textures/Annotation2023-05-20093410.png using Guid(752db1275ff98a44999ea80d26c7d400) Importer(815301076,1909f56bfc062723c751e8b465ee728b)  -> (artifact id: '9367650d218c7e51072f404d32ff641f') in 0.062703 seconds
Number of updated asset objects reloaded before import = 0
Number of asset objects unloaded after import = 2
========================================================================
Received Import Request.
  Time since last request: 0.000203 seconds.
  path: Assets/textures/arcade256.png
  artifactKey: Guid(78575bc5bfc057b47a3c8cb24cdad0c9) Importer(815301076,1909f56bfc062723c751e8b465ee728b)
Start importing Assets/textures/arcade256.png using Guid(78575bc5bfc057b47a3c8cb24cdad0c9) Importer(815301076,1909f56bfc062723c751e8b465ee728b)  -> (artifact id: '858cbf61c29700e24780a2795dbc8e40') in 0.051236 seconds
Number of updated asset objects reloaded before import = 0
Number of asset objects unloaded after import = 2
========================================================================
Received Import Request.
  Time since last request: 0.000784 seconds.
  path: Assets/textures/can1.png
  artifactKey: Guid(7775409159c5f1a429fea7480c570160) Importer(815301076,1909f56bfc062723c751e8b465ee728b)
Start importing Assets/textures/can1.png using Guid(7775409159c5f1a429fea7480c570160) Importer(815301076,1909f56bfc062723c751e8b465ee728b)  -> (artifact id: 'b35a447fc3bede6a86035288eabdfdd8') in 0.049100 seconds
Number of updated asset objects reloaded before import = 0
Number of asset objects unloaded after import = 2
========================================================================
Received Import Request.
  Time since last request: 0.000421 seconds.
  path: Assets/textures/barrel_dithered_256.png
  artifactKey: Guid(c4b1218a65a818a438f2daf45fadcc1d) Importer(815301076,1909f56bfc062723c751e8b465ee728b)
Start importing Assets/textures/barrel_dithered_256.png using Guid(c4b1218a65a818a438f2daf45fadcc1d) Importer(815301076,1909f56bfc062723c751e8b465ee728b)  -> (artifact id: '3c11191cc6cb25affba8c36849b9c6bc') in 0.046762 seconds
Number of updated asset objects reloaded before import = 0
Number of asset objects unloaded after import = 2
========================================================================
Received Import Request.
  Time since last request: 126.916240 seconds.
  path: Assets/basement/textures/Annotation2023-05-20093410.png
  artifactKey: Guid(c642e9a5ccc510d49a83ffa590978fe4) Importer(815301076,1909f56bfc062723c751e8b465ee728b)
Start importing Assets/basement/textures/Annotation2023-05-20093410.png using Guid(c642e9a5ccc510d49a83ffa590978fe4) Importer(815301076,1909f56bfc062723c751e8b465ee728b)  -> (artifact id: 'a9ee17a61e61fdc193e1114fabadfa22') in 0.036398 seconds
Number of updated asset objects reloaded before import = 0
Number of asset objects unloaded after import = 2
========================================================================
Received Import Request.
  Time since last request: 0.030141 seconds.
  path: Assets/basement/textures/barrel_dithered_256.png
  artifactKey: Guid(3a96bb9bffac8844ea1c4151f3789cc1) Importer(815301076,1909f56bfc062723c751e8b465ee728b)
Start importing Assets/basement/textures/barrel_dithered_256.png using Guid(3a96bb9bffac8844ea1c4151f3789cc1) Importer(815301076,1909f56bfc062723c751e8b465ee728b)  -> (artifact id: '98df61d2f1cd82d0ae726c434534ea8e') in 0.047669 seconds
Number of updated asset objects reloaded before import = 0
Number of asset objects unloaded after import = 2
========================================================================
Received Import Request.
  Time since last request: 0.000030 seconds.
  path: Assets/basement/textures/can1.png
  artifactKey: Guid(4b3cfcaf22b3cf646970d385d4692ba7) Importer(815301076,1909f56bfc062723c751e8b465ee728b)
Start importing Assets/basement/textures/can1.png using Guid(4b3cfcaf22b3cf646970d385d4692ba7) Importer(815301076,1909f56bfc062723c751e8b465ee728b)  -> (artifact id: '6c309096f670b86befe1f5c1936bd94b') in 0.036137 seconds
Number of updated asset objects reloaded before import = 0
Number of asset objects unloaded after import = 2
========================================================================
Received Import Request.
  Time since last request: 0.000036 seconds.
  path: Assets/basement/textures/IMG_20230404_115149.png
  artifactKey: Guid(e70c4edb9d32177419edf0c40e33c188) Importer(815301076,1909f56bfc062723c751e8b465ee728b)
Start importing Assets/basement/textures/IMG_20230404_115149.png using Guid(e70c4edb9d32177419edf0c40e33c188) Importer(815301076,1909f56bfc062723c751e8b465ee728b)  -> (artifact id: '84dc19f60f2c01eb84e7bb61b1d9be02') in 0.048093 seconds
Number of updated asset objects reloaded before import = 0
Number of asset objects unloaded after import = 2
========================================================================
Received Import Request.
  Time since last request: 0.000076 seconds.
  path: Assets/basement/textures/can4.png
  artifactKey: Guid(1dd1c17fcfcd19d4d8db64adf77416d5) Importer(815301076,1909f56bfc062723c751e8b465ee728b)
Start importing Assets/basement/textures/can4.png using Guid(1dd1c17fcfcd19d4d8db64adf77416d5) Importer(815301076,1909f56bfc062723c751e8b465ee728b)  -> (artifact id: '8a0607369f31da90734bf19e25a47b86') in 0.038075 seconds
Number of updated asset objects reloaded before import = 0
Number of asset objects unloaded after import = 2
========================================================================
Received Import Request.
  Time since last request: 0.000025 seconds.
  path: Assets/basement/textures/jihun-park-mattress2.jpeg
  artifactKey: Guid(5e8a87deb34b98340b7cd624a04f8d9c) Importer(815301076,1909f56bfc062723c751e8b465ee728b)
Start importing Assets/basement/textures/jihun-park-mattress2.jpeg using Guid(5e8a87deb34b98340b7cd624a04f8d9c) Importer(815301076,1909f56bfc062723c751e8b465ee728b)  -> (artifact id: '738e3fce78d0b3143793b7ef252d01f3') in 0.052078 seconds
Number of updated asset objects reloaded before import = 0
Number of asset objects unloaded after import = 2
========================================================================
Received Import Request.
  Time since last request: 0.000043 seconds.
  path: Assets/basement/textures/door_256.png
  artifactKey: Guid(ff77b01d788163c4aaa54cc73c3c9de2) Importer(815301076,1909f56bfc062723c751e8b465ee728b)
Start importing Assets/basement/textures/door_256.png using Guid(ff77b01d788163c4aaa54cc73c3c9de2) Importer(815301076,1909f56bfc062723c751e8b465ee728b)  -> (artifact id: 'ad5539c9697ef082439507219c181f81') in 0.039571 seconds
Number of updated asset objects reloaded before import = 0
Number of asset objects unloaded after import = 2
========================================================================
Received Import Request.
  Time since last request: 0.000087 seconds.
  path: Assets/basement/textures/arcade256.png
  artifactKey: Guid(c55379b315e68df48ac60106ca048ef1) Importer(815301076,1909f56bfc062723c751e8b465ee728b)
Start importing Assets/basement/textures/arcade256.png using Guid(c55379b315e68df48ac60106ca048ef1) Importer(815301076,1909f56bfc062723c751e8b465ee728b)  -> (artifact id: '9520f10cc8043bebf4cdf1cb36ad6035') in 0.033687 seconds
Number of updated asset objects reloaded before import = 0
Number of asset objects unloaded after import = 2
========================================================================
Received Import Request.
  Time since last request: 0.000028 seconds.
  path: Assets/basement/textures/gas_tank256.png
  artifactKey: Guid(749bf549b9cff06488c4b6f4294d777b) Importer(815301076,1909f56bfc062723c751e8b465ee728b)
Start importing Assets/basement/textures/gas_tank256.png using Guid(749bf549b9cff06488c4b6f4294d777b) Importer(815301076,1909f56bfc062723c751e8b465ee728b)  -> (artifact id: 'daa26fb74a9ff77385d43a464fcbc2ad') in 0.035641 seconds
Number of updated asset objects reloaded before import = 0
Number of asset objects unloaded after import = 2
========================================================================
Received Import Request.
  Time since last request: 0.000022 seconds.
  path: Assets/basement/textures/box_fithered_256px.png
  artifactKey: Guid(d4db97d3d525f6d44a1b735c7de43f2d) Importer(815301076,1909f56bfc062723c751e8b465ee728b)
Start importing Assets/basement/textures/box_fithered_256px.png using Guid(d4db97d3d525f6d44a1b735c7de43f2d) Importer(815301076,1909f56bfc062723c751e8b465ee728b)  -> (artifact id: 'bf2f5b2d702ea3b76e92ec90c1e02217') in 0.064218 seconds
Number of updated asset objects reloaded before import = 0
Number of asset objects unloaded after import = 2
========================================================================
Received Import Request.
  Time since last request: 0.000026 seconds.
  path: Assets/basement/textures/cartonbox_dithered_256px.png
  artifactKey: Guid(7f55814096c487e4a94ea16095d1bd3e) Importer(815301076,1909f56bfc062723c751e8b465ee728b)
Start importing Assets/basement/textures/cartonbox_dithered_256px.png using Guid(7f55814096c487e4a94ea16095d1bd3e) Importer(815301076,1909f56bfc062723c751e8b465ee728b)  -> (artifact id: 'c0b78621d6136bbe299701eeda374da7') in 0.045323 seconds
Number of updated asset objects reloaded before import = 0
Number of asset objects unloaded after import = 2
========================================================================
Received Import Request.
  Time since last request: 0.000036 seconds.
  path: Assets/basement/textures/hkhj.jpeg
  artifactKey: Guid(0a1b7b403dd2ccc47912e97ac50278d2) Importer(815301076,1909f56bfc062723c751e8b465ee728b)
Start importing Assets/basement/textures/hkhj.jpeg using Guid(0a1b7b403dd2ccc47912e97ac50278d2) Importer(815301076,1909f56bfc062723c751e8b465ee728b)  -> (artifact id: '43ee1d0cadb40e61f001da0867fa8148') in 0.059271 seconds
Number of updated asset objects reloaded before import = 0
Number of asset objects unloaded after import = 2
========================================================================
Received Import Request.
  Time since last request: 0.000045 seconds.
  path: Assets/basement/textures/arcade2_256.png
  artifactKey: Guid(e51c9a76576e26c4d9da8f997825a681) Importer(815301076,1909f56bfc062723c751e8b465ee728b)
Start importing Assets/basement/textures/arcade2_256.png using Guid(e51c9a76576e26c4d9da8f997825a681) Importer(815301076,1909f56bfc062723c751e8b465ee728b)  -> (artifact id: 'eda3edf2d48a15128e94c9523fd18491') in 0.059410 seconds
Number of updated asset objects reloaded before import = 0
Number of asset objects unloaded after import = 2
========================================================================
Received Import Request.
  Time since last request: 0.000134 seconds.
  path: Assets/basement/textures/Dirtycanvas.png
  artifactKey: Guid(7539e121035a8514186d06a2f79e872f) Importer(815301076,1909f56bfc062723c751e8b465ee728b)
Start importing Assets/basement/textures/Dirtycanvas.png using Guid(7539e121035a8514186d06a2f79e872f) Importer(815301076,1909f56bfc062723c751e8b465ee728b)  -> (artifact id: 'a753f4141e1ef8fc4436d1e99d84d85e') in 0.042192 seconds
Number of updated asset objects reloaded before import = 0
Number of asset objects unloaded after import = 2
========================================================================
Received Import Request.
  Time since last request: 0.263595 seconds.
  path: Assets/basement/textures/pants_256x256px.png
  artifactKey: Guid(a21940e1970f84b47ba95cac5955c750) Importer(815301076,1909f56bfc062723c751e8b465ee728b)
Start importing Assets/basement/textures/pants_256x256px.png using Guid(a21940e1970f84b47ba95cac5955c750) Importer(815301076,1909f56bfc062723c751e8b465ee728b)  -> (artifact id: 'c258c1e99952030f1608aa5fe67d7311') in 0.044794 seconds
Number of updated asset objects reloaded before import = 0
Number of asset objects unloaded after import = 2
========================================================================
Received Import Request.
  Time since last request: 0.000033 seconds.
  path: Assets/basement/textures/spray-paint-can-4k-and-2k-textures-3d-model-39e7bb0537.jpeg
  artifactKey: Guid(02af699b066b2614787c969ab237fe11) Importer(815301076,1909f56bfc062723c751e8b465ee728b)
Start importing Assets/basement/textures/spray-paint-can-4k-and-2k-textures-3d-model-39e7bb0537.jpeg using Guid(02af699b066b2614787c969ab237fe11) Importer(815301076,1909f56bfc062723c751e8b465ee728b)  -> (artifact id: 'fa70a393d7f2fe8c1ae7192b0a0838a0') in 0.066199 seconds
Number of updated asset objects reloaded before import = 0
Number of asset objects unloaded after import = 2
========================================================================
Received Import Request.
  Time since last request: 0.000628 seconds.
  path: Assets/basement/textures/roufwooden_256.png
  artifactKey: Guid(7f920468fb9b285428be0ef4b1bbc9a8) Importer(815301076,1909f56bfc062723c751e8b465ee728b)
Start importing Assets/basement/textures/roufwooden_256.png using Guid(7f920468fb9b285428be0ef4b1bbc9a8) Importer(815301076,1909f56bfc062723c751e8b465ee728b)  -> (artifact id: '96b80806f1f627d6b16d2692842ace29') in 0.037704 seconds
Number of updated asset objects reloaded before import = 0
Number of asset objects unloaded after import = 2
========================================================================
Received Import Request.
  Time since last request: 0.000188 seconds.
  path: Assets/basement/textures/washin_machine.png
  artifactKey: Guid(0b83fa22c2296b845b21a51ec4ed0509) Importer(815301076,1909f56bfc062723c751e8b465ee728b)
Start importing Assets/basement/textures/washin_machine.png using Guid(0b83fa22c2296b845b21a51ec4ed0509) Importer(815301076,1909f56bfc062723c751e8b465ee728b)  -> (artifact id: '62b98a9b03c100ff53fc2f67e196b4d5') in 0.045428 seconds
Number of updated asset objects reloaded before import = 0
Number of asset objects unloaded after import = 2
========================================================================
Received Import Request.
  Time since last request: 0.000029 seconds.
  path: Assets/basement/textures/Rustymetallic_stairs_256.png
  artifactKey: Guid(38e14a071c3834c4ca0d6a03382769cc) Importer(815301076,1909f56bfc062723c751e8b465ee728b)
Start importing Assets/basement/textures/Rustymetallic_stairs_256.png using Guid(38e14a071c3834c4ca0d6a03382769cc) Importer(815301076,1909f56bfc062723c751e8b465ee728b)  -> (artifact id: 'b58a46ae131519cfec3b9bfee99ed922') in 0.054727 seconds
Number of updated asset objects reloaded before import = 0
Number of asset objects unloaded after import = 2
========================================================================
Received Import Request.
  Time since last request: 0.000330 seconds.
  path: Assets/basement/textures/SkinlessHuman_LowRes.png
  artifactKey: Guid(c946da522d3ad08449b673b4a8f49a5b) Importer(815301076,1909f56bfc062723c751e8b465ee728b)
Start importing Assets/basement/textures/SkinlessHuman_LowRes.png using Guid(c946da522d3ad08449b673b4a8f49a5b) Importer(815301076,1909f56bfc062723c751e8b465ee728b)  -> (artifact id: 'c09b8f2a8096df704cea45a0b7c824ca') in 0.045491 seconds
Number of updated asset objects reloaded before import = 0
Number of asset objects unloaded after import = 2
========================================================================
Received Import Request.
  Time since last request: 0.000042 seconds.
  path: Assets/basement/textures/wet-vacuum-cleaner-1000x1000-3.png
  artifactKey: Guid(44713f97dee457f468bf79188c52017c) Importer(815301076,1909f56bfc062723c751e8b465ee728b)
Start importing Assets/basement/textures/wet-vacuum-cleaner-1000x1000-3.png using Guid(44713f97dee457f468bf79188c52017c) Importer(815301076,1909f56bfc062723c751e8b465ee728b)  -> (artifact id: 'f23aacfe0e596d4da32321031c82fb10') in 0.050837 seconds
Number of updated asset objects reloaded before import = 0
Number of asset objects unloaded after import = 2
========================================================================
Received Import Request.
  Time since last request: 0.000162 seconds.
  path: Assets/basement/textures/waterpipe.png
  artifactKey: Guid(4051ecad861aa514fb135efdec8a13c3) Importer(815301076,1909f56bfc062723c751e8b465ee728b)
Start importing Assets/basement/textures/waterpipe.png using Guid(4051ecad861aa514fb135efdec8a13c3) Importer(815301076,1909f56bfc062723c751e8b465ee728b)  -> (artifact id: '399ad924c531dafec7b2cfe102f76860') in 0.043419 seconds
Number of updated asset objects reloaded before import = 0
Number of asset objects unloaded after import = 2
Editor requested this worker to shutdown with reason: Scaling down because of idle timeout
TcpMessagingSession - receive error: operation aborted. errorcode: 995, details: The I/O operation has been aborted because of either a thread exit or an application request.
AssetImportWorker is now disconnected from the server
Process exiting
Exiting without the bug reporter. Application will terminate with return code 0