Using pre-set license
Built from '2022.3/staging' branch; Version is '2022.3.10f1 (ff3792e53c62) revision 16725906'; Using compiler version '192829333'; Build Type 'Release'
OS: 'Windows 11  (10.0.22621) 64bit Core' Language: 'en' Physical Memory: 16084 MB
BatchMode: 1, IsHumanControllingUs: 0, StartBugReporterOnCrash: 0, Is64bit: 1, IsPro: 1

COMMAND LINE ARGUMENTS:
C:\Program Files\Unity\Hub\Editor\2022.3.10f1\Editor\Unity.exe
-adb2
-batchMode
-noUpm
-name
AssetImportWorker0
-projectPath
C:/Users/hntrp/OneDrive/Documents/SophomoreClasses/VrDev/Final/FinalProject
-logFile
Logs/AssetImportWorker0.log
-srvPort
65273
Successfully changed project path to: C:/Users/hntrp/OneDrive/Documents/SophomoreClasses/VrDev/Final/FinalProject
C:/Users/hntrp/OneDrive/Documents/SophomoreClasses/VrDev/Final/FinalProject
[UnityMemory] Configuration Parameters - Can be set up in boot.config
    "memorysetup-bucket-allocator-granularity=16"
    "memorysetup-bucket-allocator-bucket-count=8"
    "memorysetup-bucket-allocator-block-size=33554432"
    "memorysetup-bucket-allocator-block-count=8"
    "memorysetup-main-allocator-block-size=16777216"
    "memorysetup-thread-allocator-block-size=16777216"
    "memorysetup-gfx-main-allocator-block-size=16777216"
    "memorysetup-gfx-thread-allocator-block-size=16777216"
    "memorysetup-cache-allocator-block-size=4194304"
    "memorysetup-typetree-allocator-block-size=2097152"
    "memorysetup-profiler-bucket-allocator-granularity=16"
    "memorysetup-profiler-bucket-allocator-bucket-count=8"
    "memorysetup-profiler-bucket-allocator-block-size=33554432"
    "memorysetup-profiler-bucket-allocator-block-count=8"
    "memorysetup-profiler-allocator-block-size=16777216"
    "memorysetup-profiler-editor-allocator-block-size=1048576"
    "memorysetup-temp-allocator-size-main=16777216"
    "memorysetup-job-temp-allocator-block-size=2097152"
    "memorysetup-job-temp-allocator-block-size-background=1048576"
    "memorysetup-job-temp-allocator-reduction-small-platforms=262144"
    "memorysetup-allocator-temp-initial-block-size-main=262144"
    "memorysetup-allocator-temp-initial-block-size-worker=262144"
    "memorysetup-temp-allocator-size-background-worker=32768"
    "memorysetup-temp-allocator-size-job-worker=262144"
    "memorysetup-temp-allocator-size-preload-manager=33554432"
    "memorysetup-temp-allocator-size-nav-mesh-worker=65536"
    "memorysetup-temp-allocator-size-audio-worker=65536"
    "memorysetup-temp-allocator-size-cloud-worker=32768"
    "memorysetup-temp-allocator-size-gi-baking-worker=262144"
    "memorysetup-temp-allocator-size-gfx=262144"
Unable to join player connection multicast group (err: 10013).
Player connection [5880] Host "[IP] 172.25.144.1 [Port] 0 [Flags] 2 [Guid] 4239181164 [EditorId] 4239181164 [Version] 1048832 [Id] WindowsEditor(7,MSI) [Debug] 1 [PackageName] WindowsEditor [ProjectName] Editor" joined alternative multi-casting on [225.0.0.222:34997]...

[Physics::Module] Initialized MultithreadedJobDispatcher with 19 workers.
Refreshing native plugins compatible for Editor in 192.23 ms, found 9 plugins.
Preloading 2 native plugins for Editor in 12.19 ms.
Initialize engine version: 2022.3.10f1 (ff3792e53c62)
[Subsystems] Discovering subsystems at path C:/Program Files/Unity/Hub/Editor/2022.3.10f1/Editor/Data/Resources/UnitySubsystems
[Subsystems] Discovering subsystems at path C:/Users/hntrp/OneDrive/Documents/SophomoreClasses/VrDev/Final/FinalProject/Assets
GfxDevice: creating device client; threaded=0; jobified=0
Direct3D:
    Version:  Direct3D 11.0 [level 11.1]
    Renderer: Intel(R) Iris(R) Xe Graphics (ID=0x46a6)
    Vendor:   Intel
    VRAM:     8042 MB
    Driver:   31.0.101.4032
Shader 'Oculus/OVRMRCameraFrameLit': fallback shader 'Alpha-Diffuse' not found
Initialize mono
Mono path[0] = 'C:/Program Files/Unity/Hub/Editor/2022.3.10f1/Editor/Data/Managed'
Mono path[1] = 'C:/Program Files/Unity/Hub/Editor/2022.3.10f1/Editor/Data/MonoBleedingEdge/lib/mono/unityjit-win32'
Mono config path = 'C:/Program Files/Unity/Hub/Editor/2022.3.10f1/Editor/Data/MonoBleedingEdge/etc'
Using monoOptions --debugger-agent=transport=dt_socket,embedding=1,server=y,suspend=n,address=127.0.0.1:56840
Begin MonoManager ReloadAssembly
Registering precompiled unity dll's ...
Register platform support module: C:/Program Files/Unity/Hub/Editor/2022.3.10f1/Editor/Data/PlaybackEngines/AndroidPlayer/UnityEditor.Android.Extensions.dll
Register platform support module: C:/Program Files/Unity/Hub/Editor/2022.3.10f1/Editor/Data/PlaybackEngines/WindowsStandaloneSupport/UnityEditor.WindowsStandalone.Extensions.dll
Registered in 0.022125 seconds.
- Loaded All Assemblies, in  0.998 seconds
Native extension for WindowsStandalone target not found
Native extension for Android target not found
Android Extension - Scanning For ADB Devices 1364 ms
Mono: successfully reloaded assembly
- Finished resetting the current domain, in  2.900 seconds
Domain Reload Profiling: 3895ms
	BeginReloadAssembly (405ms)
		ExecutionOrderSort (0ms)
		DisableScriptedObjects (0ms)
		BackupInstance (0ms)
		ReleaseScriptingObjects (0ms)
		CreateAndSetChildDomain (2ms)
	RebuildCommonClasses (65ms)
	RebuildNativeTypeToScriptingClass (32ms)
	initialDomainReloadingComplete (142ms)
	LoadAllAssembliesAndSetupDomain (350ms)
		LoadAssemblies (399ms)
		RebuildTransferFunctionScriptingTraits (0ms)
		AnalyzeDomain (344ms)
			TypeCache.Refresh (341ms)
				TypeCache.ScanAssembly (309ms)
			ScanForSourceGeneratedMonoScriptInfo (1ms)
			ResolveRequiredComponents (1ms)
	FinalizeReload (2901ms)
		ReleaseScriptCaches (0ms)
		RebuildScriptCaches (0ms)
		SetupLoadedEditorAssemblies (2746ms)
			LogAssemblyErrors (0ms)
			InitializePlatformSupportModulesInManaged (2361ms)
			SetLoadedEditorAssemblies (7ms)
			RefreshPlugins (0ms)
			BeforeProcessingInitializeOnLoad (4ms)
			ProcessInitializeOnLoadAttributes (207ms)
			ProcessInitializeOnLoadMethodAttributes (168ms)
			AfterProcessingInitializeOnLoad (0ms)
			EditorAssembliesLoaded (0ms)
		ExecutionOrderSort2 (0ms)
		AwakeInstancesAfterBackupRestoration (0ms)
========================================================================
Worker process is ready to serve import requests
Begin MonoManager ReloadAssembly
- Loaded All Assemblies, in  3.100 seconds
Refreshing native plugins compatible for Editor in 93.56 ms, found 9 plugins.
Native extension for WindowsStandalone target not found
Native extension for Android target not found
Package Manager log level set to [2]
[Package Manager] Server::EnsureServerProcessIsRunning -- launch failed, reason: Unity was launched with the -noUpm command-line argument
[Package Manager] UpmClient::Send -- Unable to send message (not connected to UPM process).
[Package Manager] Cannot connect to Unity Package Manager local server
[Package Manager] Server::EnsureServerProcessIsRunning -- launch failed, reason: Unity was launched with the -noUpm command-line argument
[Package Manager] UpmClient::Send -- Unable to send message (not connected to UPM process).
[Package Manager] Cannot connect to Unity Package Manager local server
[XR] OculusXRPlugin: registering subsystems
[XR] Unable to register display lifecyle provider: [1]
[XR] Oculus Input lifecycle provider registered.
[XR] Unable to register input lifecyle provider: [1]
[XR] OVRP version 1.89.0
Mono: successfully reloaded assembly
[Package Manager] Server::EnsureServerProcessIsRunning -- launch failed, reason: Unity was launched with the -noUpm command-line argument
[Package Manager] UpmClient::Send -- Unable to send message (not connected to UPM process).
[Package Manager] Cannot connect to Unity Package Manager local server
[Package Manager] Server::EnsureServerProcessIsRunning -- launch failed, reason: Unity was launched with the -noUpm command-line argument
[Package Manager] UpmClient::Send -- Unable to send message (not connected to UPM process).
[Package Manager] Cannot connect to Unity Package Manager local server
- Finished resetting the current domain, in  2.143 seconds
Domain Reload Profiling: 5127ms
	BeginReloadAssembly (446ms)
		ExecutionOrderSort (0ms)
		DisableScriptedObjects (13ms)
		BackupInstance (0ms)
		ReleaseScriptingObjects (0ms)
		CreateAndSetChildDomain (59ms)
	RebuildCommonClasses (95ms)
	RebuildNativeTypeToScriptingClass (36ms)
	initialDomainReloadingComplete (145ms)
	LoadAllAssembliesAndSetupDomain (2262ms)
		LoadAssemblies (1651ms)
		RebuildTransferFunctionScriptingTraits (0ms)
		AnalyzeDomain (877ms)
			TypeCache.Refresh (700ms)
				TypeCache.ScanAssembly (632ms)
			ScanForSourceGeneratedMonoScriptInfo (108ms)
			ResolveRequiredComponents (65ms)
	FinalizeReload (2144ms)
		ReleaseScriptCaches (0ms)
		RebuildScriptCaches (0ms)
		SetupLoadedEditorAssemblies (1565ms)
			LogAssemblyErrors (0ms)
			InitializePlatformSupportModulesInManaged (72ms)
			SetLoadedEditorAssemblies (9ms)
			RefreshPlugins (0ms)
			BeforeProcessingInitializeOnLoad (220ms)
			ProcessInitializeOnLoadAttributes (1187ms)
			ProcessInitializeOnLoadMethodAttributes (65ms)
			AfterProcessingInitializeOnLoad (12ms)
			EditorAssembliesLoaded (0ms)
		ExecutionOrderSort2 (0ms)
		AwakeInstancesAfterBackupRestoration (13ms)
Shader 'Oculus/OVRMRCameraFrameLit': fallback shader 'Alpha-Diffuse' not found
Launched and connected shader compiler UnityShaderCompiler.exe after 0.20 seconds
Refreshing native plugins compatible for Editor in 55.14 ms, found 9 plugins.
Preloading 2 native plugins for Editor in 0.56 ms.
Unloading 5505 Unused Serialized files (Serialized files now loaded: 0)
Unloading 90 unused Assets / (391.2 KB). Loaded Objects now: 5956.
Memory consumption went from 233.1 MB to 232.7 MB.
Total: 15.156300 ms (FindLiveObjects: 1.586100 ms CreateObjectMapping: 0.893000 ms MarkObjects: 11.684000 ms  DeleteObjects: 0.989000 ms)

AssetImportParameters requested are different than current active one (requested -> active):
  custom:container-demuxer-ogg: 62fdf1f143b41e24485cea50d1cbac27 -> 
  custom:video-decoder-ogg-theora: a1e56fd34408186e4bbccfd4996cb3dc -> 
  custom:framework-win-MediaFoundation: 216162199b28c13a410421893ffa2e32 -> 
  custom:CustomObjectIndexerAttribute: 756ad292c208cfabdd7b50bc23989ffe -> 
  custom:container-demuxer-webm: 4f35f7cbe854078d1ac9338744f61a02 -> 
  custom:container-muxer-webm: aa71ff27fc2769a1b78a27578f13a17b -> 
  custom:video-decoder-webm-vp8: 9c59270c3fd7afecdb556c50c9e8de78 -> 
  custom:SearchIndexIgnoredProperties: e643bd26f0fe6173181afceb89e7c659 -> 
  custom:AudioImporter_EditorPlatform: d09bf68614088b80899f8185d706f6e7 -> 
  custom:video-encoder-webm-vp8: eb34c28f22e8b96e1ab97ce403110664 -> 
  custom:audio-decoder-ogg-vorbis: bf7c407c2cedff20999df2af8eb42d56 -> 
  custom:audio-encoder-webm-vorbis: bf7c407c2cedff20999df2af8eb42d56 -> 
========================================================================
Received Import Request.
  Time since last request: 981595.754913 seconds.
  path: Assets/Stylized Lava Texture/Textures/Vol_35_3_Normal.tga
  artifactKey: Guid(6d3280b47426c8a4e89df1eabd45c33a) Importer(815301076,1909f56bfc062723c751e8b465ee728b)
Start importing Assets/Stylized Lava Texture/Textures/Vol_35_3_Normal.tga using Guid(6d3280b47426c8a4e89df1eabd45c33a) Importer(815301076,1909f56bfc062723c751e8b465ee728b)  -> (artifact id: 'b94d02f612cd56c0d0659d60951073d0') in 0.317750 seconds
Number of updated asset objects reloaded before import = 0
Number of asset objects unloaded after import = 2
========================================================================
Received Import Request.
  Time since last request: 0.000091 seconds.
  path: Assets/Stylized Lava Texture/Textures/Vol_35_3_Base_Color.tga
  artifactKey: Guid(dfc1785e05281294d878cde6894aa955) Importer(815301076,1909f56bfc062723c751e8b465ee728b)
Start importing Assets/Stylized Lava Texture/Textures/Vol_35_3_Base_Color.tga using Guid(dfc1785e05281294d878cde6894aa955) Importer(815301076,1909f56bfc062723c751e8b465ee728b)  -> (artifact id: 'd02dbbfffd3f9f5e02c24d9d32d26f96') in 0.209630 seconds
Number of updated asset objects reloaded before import = 0
Number of asset objects unloaded after import = 2
========================================================================
Received Import Request.
  Time since last request: 0.000513 seconds.
  path: Assets/Stylized Lava Texture/Textures/Vol_35_3_Roughness.tga
  artifactKey: Guid(ee6d998e65365904ba2f9fa70273b869) Importer(815301076,1909f56bfc062723c751e8b465ee728b)
Start importing Assets/Stylized Lava Texture/Textures/Vol_35_3_Roughness.tga using Guid(ee6d998e65365904ba2f9fa70273b869) Importer(815301076,1909f56bfc062723c751e8b465ee728b)  -> (artifact id: '11bba5c3c31b4b6e8edc760ac450acf7') in 0.291918 seconds
Number of updated asset objects reloaded before import = 0
Number of asset objects unloaded after import = 2
========================================================================
Received Import Request.
  Time since last request: 0.002689 seconds.
  path: Assets/Stylized Lava Texture/Materials
  artifactKey: Guid(855350d72edd5b546aba24877b32789a) Importer(815301076,1909f56bfc062723c751e8b465ee728b)
Start importing Assets/Stylized Lava Texture/Materials using Guid(855350d72edd5b546aba24877b32789a) Importer(815301076,1909f56bfc062723c751e8b465ee728b)  -> (artifact id: '738a59160c91bd7df7a48a10de082719') in 0.001752 seconds
Number of updated asset objects reloaded before import = 0
Number of asset objects unloaded after import = 0
========================================================================
Received Import Request.
  Time since last request: 0.002140 seconds.
  path: Assets/Stylized Lava Texture/Materials/Stylize_Lava_diffuse.mat
  artifactKey: Guid(3b3ab2ec86ef45c48b01abe26983a811) Importer(815301076,1909f56bfc062723c751e8b465ee728b)
Start importing Assets/Stylized Lava Texture/Materials/Stylize_Lava_diffuse.mat using Guid(3b3ab2ec86ef45c48b01abe26983a811) Importer(815301076,1909f56bfc062723c751e8b465ee728b)  -> (artifact id: '960754066a0b19dd75da648875cd0ce0') in 0.655896 seconds
Number of updated asset objects reloaded before import = 0
Number of asset objects unloaded after import = 2
========================================================================
Received Import Request.
  Time since last request: 0.000097 seconds.
  path: Assets/Stylized Lava Texture
  artifactKey: Guid(8d64b4ed49bfdcd49a3d721f21d22cd2) Importer(815301076,1909f56bfc062723c751e8b465ee728b)
Start importing Assets/Stylized Lava Texture using Guid(8d64b4ed49bfdcd49a3d721f21d22cd2) Importer(815301076,1909f56bfc062723c751e8b465ee728b)  -> (artifact id: '5ead3725a5ffdb54c4b80b387d3d14e7') in 0.002057 seconds
Number of updated asset objects reloaded before import = 0
Number of asset objects unloaded after import = 0
========================================================================
Received Import Request.
  Time since last request: 319.194114 seconds.
  path: Assets/Stylized Lava Texture/Materials/Stylize_Lava.mat
  artifactKey: Guid(9418a5fcbafe84543998bd7c831a9ee1) Importer(815301076,1909f56bfc062723c751e8b465ee728b)
Start importing Assets/Stylized Lava Texture/Materials/Stylize_Lava.mat using Guid(9418a5fcbafe84543998bd7c831a9ee1) Importer(815301076,1909f56bfc062723c751e8b465ee728b)  -> (artifact id: '273e80cf5e013f0a285a6105a665980a') in 0.712794 seconds
Number of updated asset objects reloaded before import = 0
Number of asset objects unloaded after import = 6
========================================================================
Received Prepare
Begin MonoManager ReloadAssembly
- Loaded All Assemblies, in 14.522 seconds
Refreshing native plugins compatible for Editor in 17.20 ms, found 9 plugins.
Native extension for WindowsStandalone target not found
Native extension for Android target not found
[Package Manager] Server::EnsureServerProcessIsRunning -- launch failed, reason: Unity was launched with the -noUpm command-line argument
[Package Manager] UpmClient::Send -- Unable to send message (not connected to UPM process).
[Package Manager] Cannot connect to Unity Package Manager local server
[Package Manager] Server::EnsureServerProcessIsRunning -- launch failed, reason: Unity was launched with the -noUpm command-line argument
[Package Manager] UpmClient::Send -- Unable to send message (not connected to UPM process).
[Package Manager] Cannot connect to Unity Package Manager local server
Mono: successfully reloaded assembly
[Package Manager] Server::EnsureServerProcessIsRunning -- launch failed, reason: Unity was launched with the -noUpm command-line argument
[Package Manager] UpmClient::Send -- Unable to send message (not connected to UPM process).
[Package Manager] Cannot connect to Unity Package Manager local server
- Finished resetting the current domain, in 60.496 seconds
Domain Reload Profiling: 75012ms
	BeginReloadAssembly (230ms)
		ExecutionOrderSort (0ms)
		DisableScriptedObjects (4ms)
		BackupInstance (0ms)
		ReleaseScriptingObjects (0ms)
		CreateAndSetChildDomain (57ms)
	RebuildCommonClasses (40ms)
	RebuildNativeTypeToScriptingClass (17ms)
	initialDomainReloadingComplete (59ms)
	LoadAllAssembliesAndSetupDomain (14168ms)
		LoadAssemblies (14243ms)
		RebuildTransferFunctionScriptingTraits (0ms)
		AnalyzeDomain (51ms)
			TypeCache.Refresh (19ms)
				TypeCache.ScanAssembly (4ms)
			ScanForSourceGeneratedMonoScriptInfo (15ms)
			ResolveRequiredComponents (15ms)
	FinalizeReload (60498ms)
		ReleaseScriptCaches (0ms)
		RebuildScriptCaches (0ms)
		SetupLoadedEditorAssemblies (2335ms)
			LogAssemblyErrors (0ms)
			InitializePlatformSupportModulesInManaged (109ms)
			SetLoadedEditorAssemblies (13ms)
			RefreshPlugins (0ms)
			BeforeProcessingInitializeOnLoad (624ms)
			ProcessInitializeOnLoadAttributes (1465ms)
			ProcessInitializeOnLoadMethodAttributes (84ms)
			AfterProcessingInitializeOnLoad (39ms)
			EditorAssembliesLoaded (1ms)
		ExecutionOrderSort2 (0ms)
		AwakeInstancesAfterBackupRestoration (33ms)
Shader 'Oculus/OVRMRCameraFrameLit': fallback shader 'Alpha-Diffuse' not found
Refreshing native plugins compatible for Editor in 151.99 ms, found 9 plugins.
Preloading 2 native plugins for Editor in 0.44 ms.
Unloading 5377 Unused Serialized files (Serialized files now loaded: 0)
Unloading 86 unused Assets / (3.3 MB). Loaded Objects now: 6010.
Memory consumption went from 205.5 MB to 202.2 MB.
Total: 18.383200 ms (FindLiveObjects: 1.253800 ms CreateObjectMapping: 0.796700 ms MarkObjects: 9.754300 ms  DeleteObjects: 6.574600 ms)

Prepare: number of updated asset objects reloaded= 0
AssetImportParameters requested are different than current active one (requested -> active):
  custom:container-demuxer-ogg: 62fdf1f143b41e24485cea50d1cbac27 -> 
  custom:video-decoder-ogg-theora: a1e56fd34408186e4bbccfd4996cb3dc -> 
  custom:framework-win-MediaFoundation: 216162199b28c13a410421893ffa2e32 -> 
  custom:CustomObjectIndexerAttribute: 756ad292c208cfabdd7b50bc23989ffe -> 
  custom:container-demuxer-webm: 4f35f7cbe854078d1ac9338744f61a02 -> 
  custom:container-muxer-webm: aa71ff27fc2769a1b78a27578f13a17b -> 
  custom:video-decoder-webm-vp8: 9c59270c3fd7afecdb556c50c9e8de78 -> 
  custom:SearchIndexIgnoredProperties: e643bd26f0fe6173181afceb89e7c659 -> 
  custom:AudioImporter_EditorPlatform: d09bf68614088b80899f8185d706f6e7 -> 
  custom:video-encoder-webm-vp8: eb34c28f22e8b96e1ab97ce403110664 -> 
  custom:audio-decoder-ogg-vorbis: bf7c407c2cedff20999df2af8eb42d56 -> 
  custom:audio-encoder-webm-vorbis: bf7c407c2cedff20999df2af8eb42d56 -> 
========================================================================
Received Import Request.
  Time since last request: 243.623982 seconds.
  path: Assets/Ultimate 10 Plus Shaders/3D Models/Grass_Mesh.fbx
  artifactKey: Guid(446648e11dc37c4458f9af0b19ebb9d1) Importer(815301076,1909f56bfc062723c751e8b465ee728b)
Start importing Assets/Ultimate 10 Plus Shaders/3D Models/Grass_Mesh.fbx using Guid(446648e11dc37c4458f9af0b19ebb9d1) Importer(815301076,1909f56bfc062723c751e8b465ee728b)  -> (artifact id: '4b384b3dbf964792a731f0eed9519980') in 0.834217 seconds
Number of updated asset objects reloaded before import = 0
Number of asset objects unloaded after import = 8
========================================================================
Received Import Request.
  Time since last request: 0.000088 seconds.
  path: Assets/Ultimate 10 Plus Shaders/Materials/Textures/noise1_normal.png
  artifactKey: Guid(d2eac888094a652429c634df007d9ad9) Importer(815301076,1909f56bfc062723c751e8b465ee728b)
Start importing Assets/Ultimate 10 Plus Shaders/Materials/Textures/noise1_normal.png using Guid(d2eac888094a652429c634df007d9ad9) Importer(815301076,1909f56bfc062723c751e8b465ee728b)  -> (artifact id: '24b30d461224d0ac6956143b26fcea7a') in 0.558155 seconds
Number of updated asset objects reloaded before import = 0
Number of asset objects unloaded after import = 2
========================================================================
Received Import Request.
  Time since last request: 0.000181 seconds.
  path: Assets/Ultimate 10 Plus Shaders/Shaders
  artifactKey: Guid(7abb74942295fc244bdfe8bb8236881d) Importer(815301076,1909f56bfc062723c751e8b465ee728b)
Start importing Assets/Ultimate 10 Plus Shaders/Shaders using Guid(7abb74942295fc244bdfe8bb8236881d) Importer(815301076,1909f56bfc062723c751e8b465ee728b)  -> (artifact id: 'fb112d155e0ed1416a9ec5feede4b65a') in 0.002320 seconds
Number of updated asset objects reloaded before import = 0
Number of asset objects unloaded after import = 0
========================================================================
Received Import Request.
  Time since last request: 0.001394 seconds.
  path: Assets/Ultimate 10 Plus Shaders/3D Models
  artifactKey: Guid(71999ee7a97214645a9f2eef1fa186c2) Importer(815301076,1909f56bfc062723c751e8b465ee728b)
Start importing Assets/Ultimate 10 Plus Shaders/3D Models using Guid(71999ee7a97214645a9f2eef1fa186c2) Importer(815301076,1909f56bfc062723c751e8b465ee728b)  -> (artifact id: '3783724d30ee920f1684e02172d85be7') in 0.093344 seconds
Number of updated asset objects reloaded before import = 0
Number of asset objects unloaded after import = 0
========================================================================
Received Import Request.
  Time since last request: 0.008156 seconds.
  path: Assets/Ultimate 10 Plus Shaders/Scripts
  artifactKey: Guid(b01e14f3633ee2643ac8e869c00acb0a) Importer(815301076,1909f56bfc062723c751e8b465ee728b)
Start importing Assets/Ultimate 10 Plus Shaders/Scripts using Guid(b01e14f3633ee2643ac8e869c00acb0a) Importer(815301076,1909f56bfc062723c751e8b465ee728b)  -> (artifact id: 'a7fa3fc430d7b1b9c727b642d328836b') in 0.006355 seconds
Number of updated asset objects reloaded before import = 0
Number of asset objects unloaded after import = 0
========================================================================
Received Import Request.
  Time since last request: 0.000293 seconds.
  path: Assets/Ultimate 10 Plus Shaders/arial.ttf
  artifactKey: Guid(19ecd568395677d498b8dd3cbfc47142) Importer(815301076,1909f56bfc062723c751e8b465ee728b)
Start importing Assets/Ultimate 10 Plus Shaders/arial.ttf using Guid(19ecd568395677d498b8dd3cbfc47142) Importer(815301076,1909f56bfc062723c751e8b465ee728b)  -> (artifact id: '764c91c484e32077c66aa6be23636a3a') in 0.894818 seconds
Number of updated asset objects reloaded before import = 0
Number of asset objects unloaded after import = 4
========================================================================
Received Import Request.
  Time since last request: 0.000159 seconds.
  path: Assets/Ultimate 10 Plus Shaders/README.pdf
  artifactKey: Guid(4b4dff407bfa225469c91d5fc2e8be5d) Importer(815301076,1909f56bfc062723c751e8b465ee728b)
Start importing Assets/Ultimate 10 Plus Shaders/README.pdf using Guid(4b4dff407bfa225469c91d5fc2e8be5d) Importer(815301076,1909f56bfc062723c751e8b465ee728b)  -> (artifact id: 'd806756d7daaa2736c916f66fc3a57c1') in 0.045562 seconds
Number of updated asset objects reloaded before import = 0
Number of asset objects unloaded after import = 1
========================================================================
Received Import Request.
  Time since last request: 0.002545 seconds.
  path: Assets/Ultimate 10 Plus Shaders/Materials/Textures/rock.png
  artifactKey: Guid(1d557bc533f5684438d25d03042b1025) Importer(815301076,1909f56bfc062723c751e8b465ee728b)
Start importing Assets/Ultimate 10 Plus Shaders/Materials/Textures/rock.png using Guid(1d557bc533f5684438d25d03042b1025) Importer(815301076,1909f56bfc062723c751e8b465ee728b)  -> (artifact id: '75bf7f194a137aabda8db619cba672c1') in 0.259538 seconds
Number of updated asset objects reloaded before import = 0
Number of asset objects unloaded after import = 2
========================================================================
Received Import Request.
  Time since last request: 0.000146 seconds.
  path: Assets/Ultimate 10 Plus Shaders/Materials/Textures/Rock1_nmp.tif
  artifactKey: Guid(42c12cb55ddd98245a0b2c96121c8a5a) Importer(815301076,1909f56bfc062723c751e8b465ee728b)
Start importing Assets/Ultimate 10 Plus Shaders/Materials/Textures/Rock1_nmp.tif using Guid(42c12cb55ddd98245a0b2c96121c8a5a) Importer(815301076,1909f56bfc062723c751e8b465ee728b)  -> (artifact id: '118f35abaa05d8680aaab4e05dc28265') in 0.568229 seconds
Number of updated asset objects reloaded before import = 0
Number of asset objects unloaded after import = 2
========================================================================
Received Import Request.
  Time since last request: 0.000074 seconds.
  path: Assets/Ultimate 10 Plus Shaders/Materials/Textures
  artifactKey: Guid(8382b9f138565544b9e6d19a6f6e4677) Importer(815301076,1909f56bfc062723c751e8b465ee728b)
Start importing Assets/Ultimate 10 Plus Shaders/Materials/Textures using Guid(8382b9f138565544b9e6d19a6f6e4677) Importer(815301076,1909f56bfc062723c751e8b465ee728b)  -> (artifact id: 'e5839b91852bb7313e0ca815ece97062') in 0.001321 seconds
Number of updated asset objects reloaded before import = 0
Number of asset objects unloaded after import = 0
========================================================================
Received Import Request.
  Time since last request: 0.000370 seconds.
  path: Assets/Ultimate 10 Plus Shaders/Shaders/Lava3D.shader
  artifactKey: Guid(0b65beeff2abd8f49a7633b323425f2c) Importer(815301076,1909f56bfc062723c751e8b465ee728b)
Start importing Assets/Ultimate 10 Plus Shaders/Shaders/Lava3D.shader using Guid(0b65beeff2abd8f49a7633b323425f2c) Importer(815301076,1909f56bfc062723c751e8b465ee728b)  -> (artifact id: '593454cfd5fb838ea9433c2d97ad9d2e') in 0.006140 seconds
Number of updated asset objects reloaded before import = 0
Number of asset objects unloaded after import = 1
========================================================================
Received Import Request.
  Time since last request: 0.000036 seconds.
  path: Assets/Ultimate 10 Plus Shaders/Materials/Textures/noise2.png
  artifactKey: Guid(fccc6818be225674382d96933708d421) Importer(815301076,1909f56bfc062723c751e8b465ee728b)
Start importing Assets/Ultimate 10 Plus Shaders/Materials/Textures/noise2.png using Guid(fccc6818be225674382d96933708d421) Importer(815301076,1909f56bfc062723c751e8b465ee728b)  -> (artifact id: 'd284ca6c207b591f0927e81b02edb639') in 0.116765 seconds
Number of updated asset objects reloaded before import = 0
Number of asset objects unloaded after import = 2
========================================================================
Received Import Request.
  Time since last request: 0.000051 seconds.
  path: Assets/Ultimate 10 Plus Shaders/Materials
  artifactKey: Guid(878e8ea14dcd14b47962dca08e365d2b) Importer(815301076,1909f56bfc062723c751e8b465ee728b)
Start importing Assets/Ultimate 10 Plus Shaders/Materials using Guid(878e8ea14dcd14b47962dca08e365d2b) Importer(815301076,1909f56bfc062723c751e8b465ee728b)  -> (artifact id: 'd8220de93551d7ae5f7ba95574d11d37') in 0.001890 seconds
Number of updated asset objects reloaded before import = 0
Number of asset objects unloaded after import = 0
========================================================================
Received Import Request.
  Time since last request: 0.000833 seconds.
  path: Assets/Ultimate 10 Plus Shaders/Materials/Wall.mat
  artifactKey: Guid(9e99abfebf0c4054982ac126319dd89f) Importer(815301076,1909f56bfc062723c751e8b465ee728b)
Start importing Assets/Ultimate 10 Plus Shaders/Materials/Wall.mat using Guid(9e99abfebf0c4054982ac126319dd89f) Importer(815301076,1909f56bfc062723c751e8b465ee728b)  -> (artifact id: 'f8362224ef2d778670996914c15dcbb6') in 0.088725 seconds
Number of updated asset objects reloaded before import = 0
Number of asset objects unloaded after import = 2
========================================================================
Received Import Request.
  Time since last request: 0.000180 seconds.
  path: Assets/Ultimate 10 Plus Shaders/Materials/Textures/noise1.png
  artifactKey: Guid(39a00f3a4d887cc448b5d165b19938eb) Importer(815301076,1909f56bfc062723c751e8b465ee728b)
Start importing Assets/Ultimate 10 Plus Shaders/Materials/Textures/noise1.png using Guid(39a00f3a4d887cc448b5d165b19938eb) Importer(815301076,1909f56bfc062723c751e8b465ee728b)  -> (artifact id: '984a438d61fc9b1de87cfe78cf282ac5') in 0.115651 seconds
Number of updated asset objects reloaded before import = 0
Number of asset objects unloaded after import = 2
========================================================================
Received Import Request.
  Time since last request: 0.000566 seconds.
  path: Assets/Ultimate 10 Plus Shaders/Materials/Textures/Rock1.tif
  artifactKey: Guid(d0692a948ca573d4cb0b93ffb1c8a033) Importer(815301076,1909f56bfc062723c751e8b465ee728b)
Start importing Assets/Ultimate 10 Plus Shaders/Materials/Textures/Rock1.tif using Guid(d0692a948ca573d4cb0b93ffb1c8a033) Importer(815301076,1909f56bfc062723c751e8b465ee728b)  -> (artifact id: 'e0adeaf6f7c0315f306a0a002e1bee82') in 0.124699 seconds
Number of updated asset objects reloaded before import = 0
Number of asset objects unloaded after import = 2
========================================================================
Received Import Request.
  Time since last request: 0.000941 seconds.
  path: Assets/Ultimate 10 Plus Shaders/Shaders/Plexus
  artifactKey: Guid(55684000f4861884493956bf176688a4) Importer(815301076,1909f56bfc062723c751e8b465ee728b)
Start importing Assets/Ultimate 10 Plus Shaders/Shaders/Plexus using Guid(55684000f4861884493956bf176688a4) Importer(815301076,1909f56bfc062723c751e8b465ee728b)  -> (artifact id: 'd20cf848520591d382cba349e7d5bae4') in 0.001418 seconds
Number of updated asset objects reloaded before import = 0
Number of asset objects unloaded after import = 0
========================================================================
Received Import Request.
  Time since last request: 0.000323 seconds.
  path: Assets/Ultimate 10 Plus Shaders/Materials/Textures/prototype_512x512_grey4.png
  artifactKey: Guid(ed0c2c8a99e92e14ba740ac8aa428288) Importer(815301076,1909f56bfc062723c751e8b465ee728b)
Start importing Assets/Ultimate 10 Plus Shaders/Materials/Textures/prototype_512x512_grey4.png using Guid(ed0c2c8a99e92e14ba740ac8aa428288) Importer(815301076,1909f56bfc062723c751e8b465ee728b)  -> (artifact id: 'e1e6e7da1ea040eaf35493933f10a0a0') in 0.050821 seconds
Number of updated asset objects reloaded before import = 0
Number of asset objects unloaded after import = 2
========================================================================
Received Import Request.
  Time since last request: 10.899764 seconds.
  path: Assets/Ultimate 10 Plus Shaders/Shaders/Ultimate 10+ Shaders_Lava3D.mat
  artifactKey: Guid(e56761d464f29724689993738c778ea3) Importer(815301076,1909f56bfc062723c751e8b465ee728b)
Start importing Assets/Ultimate 10 Plus Shaders/Shaders/Ultimate 10+ Shaders_Lava3D.mat using Guid(e56761d464f29724689993738c778ea3) Importer(815301076,1909f56bfc062723c751e8b465ee728b)  -> (artifact id: '04ee186b580b5e4dff5cfcd02747487b') in 0.223188 seconds
Number of updated asset objects reloaded before import = 0
Number of asset objects unloaded after import = 2
========================================================================
Received Import Request.
  Time since last request: 77.506154 seconds.
  path: Assets/TDG Storage Solutions/Models/CeilingHungRack1.fbx
  artifactKey: Guid(c1bcaabfe5b3a6140b93844b51cb0335) Importer(815301076,1909f56bfc062723c751e8b465ee728b)
Start importing Assets/TDG Storage Solutions/Models/CeilingHungRack1.fbx using Guid(c1bcaabfe5b3a6140b93844b51cb0335) Importer(815301076,1909f56bfc062723c751e8b465ee728b)  -> (artifact id: '028b048d996bb437a7442f8b54a1e460') in 0.081708 seconds
Number of updated asset objects reloaded before import = 0
Number of asset objects unloaded after import = 9
========================================================================
Received Import Request.
  Time since last request: 0.000024 seconds.
  path: Assets/Oculus/SampleFramework/Usage/SceneManager/Materials/StylizedOcclusions.mat
  artifactKey: Guid(ca503404ffe48cc4ba49ab9c6efe7a26) Importer(815301076,1909f56bfc062723c751e8b465ee728b)
Start importing Assets/Oculus/SampleFramework/Usage/SceneManager/Materials/StylizedOcclusions.mat using Guid(ca503404ffe48cc4ba49ab9c6efe7a26) Importer(815301076,1909f56bfc062723c751e8b465ee728b)  -> (artifact id: '3341d615384ebc1631c8fed0711dc22f') in 0.040771 seconds
Number of updated asset objects reloaded before import = 0
Number of asset objects unloaded after import = 1
========================================================================
Received Import Request.
  Time since last request: 0.000420 seconds.
  path: Assets/Oculus/VR/Editor/BuildingBlocks/BlockData/HandTracking/Materials/SystemGestureSkeletonBoneMaterial.mat
  artifactKey: Guid(38beab19e7c1f7947afac78fd60f90b0) Importer(815301076,1909f56bfc062723c751e8b465ee728b)
Start importing Assets/Oculus/VR/Editor/BuildingBlocks/BlockData/HandTracking/Materials/SystemGestureSkeletonBoneMaterial.mat using Guid(38beab19e7c1f7947afac78fd60f90b0) Importer(815301076,1909f56bfc062723c751e8b465ee728b)  -> (artifact id: '94d737991e5db464d589b84482105f12') in 0.095236 seconds
Number of updated asset objects reloaded before import = 0
Number of asset objects unloaded after import = 1
========================================================================
Received Import Request.
  Time since last request: 0.000183 seconds.
  path: Assets/Oculus/SampleFramework/Core/HandsInteraction/Materials/SystemGestureSkeletonBoneMaterial.mat
  artifactKey: Guid(a3aacb3bb3e11b948899db3fbefc6fe1) Importer(815301076,1909f56bfc062723c751e8b465ee728b)
Start importing Assets/Oculus/SampleFramework/Core/HandsInteraction/Materials/SystemGestureSkeletonBoneMaterial.mat using Guid(a3aacb3bb3e11b948899db3fbefc6fe1) Importer(815301076,1909f56bfc062723c751e8b465ee728b)  -> (artifact id: '515fe98f0369de41e0b6ff317998bc87') in 0.092192 seconds
Number of updated asset objects reloaded before import = 0
Number of asset objects unloaded after import = 1
========================================================================
Received Import Request.
  Time since last request: 1.198740 seconds.
  path: Assets/ADI/Voxel Office Props/Models/Materials/tableCentreLitMat.mat
  artifactKey: Guid(1bd3a955f5027f743bc0ab625e43c476) Importer(815301076,1909f56bfc062723c751e8b465ee728b)
Start importing Assets/ADI/Voxel Office Props/Models/Materials/tableCentreLitMat.mat using Guid(1bd3a955f5027f743bc0ab625e43c476) Importer(815301076,1909f56bfc062723c751e8b465ee728b)  -> (artifact id: '2e7ac8533533f197d8e0ddf54e043c5a') in 0.033922 seconds
Number of updated asset objects reloaded before import = 0
Number of asset objects unloaded after import = 1
========================================================================
Received Import Request.
  Time since last request: 0.040902 seconds.
  path: Assets/ADI/Voxel Office Props/Models/Materials/tableEndLitMat.mat
  artifactKey: Guid(4c9f70124d000684284953895561d411) Importer(815301076,1909f56bfc062723c751e8b465ee728b)
Start importing Assets/ADI/Voxel Office Props/Models/Materials/tableEndLitMat.mat using Guid(4c9f70124d000684284953895561d411) Importer(815301076,1909f56bfc062723c751e8b465ee728b)  -> (artifact id: 'aa7a9c4806c0a9227bbf80a6037f6eef') in 0.033656 seconds
Number of updated asset objects reloaded before import = 0
Number of asset objects unloaded after import = 1
========================================================================
Received Import Request.
  Time since last request: 0.174812 seconds.
  path: Assets/Oculus/SampleFramework/Usage/TouchPro/Materials/TableMat.mat
  artifactKey: Guid(e7b3963e7b64bd5428c8ca22fc5443a3) Importer(815301076,1909f56bfc062723c751e8b465ee728b)
Start importing Assets/Oculus/SampleFramework/Usage/TouchPro/Materials/TableMat.mat using Guid(e7b3963e7b64bd5428c8ca22fc5443a3) Importer(815301076,1909f56bfc062723c751e8b465ee728b)  -> (artifact id: '77c52915989d6a24493e314666ccd15a') in 0.059073 seconds
Number of updated asset objects reloaded before import = 0
Number of asset objects unloaded after import = 2
========================================================================
Received Import Request.
  Time since last request: 0.000401 seconds.
  path: Assets/AurynSky/Arcade Pack 01/Materials/TableTopNNeutronus.mat
  artifactKey: Guid(8089a8f089f969a44942e0a501b6edb8) Importer(815301076,1909f56bfc062723c751e8b465ee728b)
Start importing Assets/AurynSky/Arcade Pack 01/Materials/TableTopNNeutronus.mat using Guid(8089a8f089f969a44942e0a501b6edb8) Importer(815301076,1909f56bfc062723c751e8b465ee728b)  -> (artifact id: 'fe86e347c96033d107c503ded383b9dd') in 0.095564 seconds
Number of updated asset objects reloaded before import = 0
Number of asset objects unloaded after import = 2
========================================================================
Received Import Request.
  Time since last request: 0.118152 seconds.
  path: Assets/Oculus/SampleFramework/Core/Locomotion/Materials/TeleportLaser.mat
  artifactKey: Guid(a379cec2ba497874788d17eb312c61be) Importer(815301076,1909f56bfc062723c751e8b465ee728b)
Start importing Assets/Oculus/SampleFramework/Core/Locomotion/Materials/TeleportLaser.mat using Guid(a379cec2ba497874788d17eb312c61be) Importer(815301076,1909f56bfc062723c751e8b465ee728b)  -> (artifact id: 'a8f49b1a8c114b43a183685f4c303e94') in 0.057729 seconds
Number of updated asset objects reloaded before import = 0
Number of asset objects unloaded after import = 1
========================================================================
Received Import Request.
  Time since last request: 0.412910 seconds.
  path: Assets/Oculus/Interaction/Samples/Objects/Environment/SmallRoom/Models/smallRoom.fbx
  artifactKey: Guid(f7c82b9ce28f07e4fa7f50280661a061) Importer(815301076,1909f56bfc062723c751e8b465ee728b)
Start importing Assets/Oculus/Interaction/Samples/Objects/Environment/SmallRoom/Models/smallRoom.fbx using Guid(f7c82b9ce28f07e4fa7f50280661a061) Importer(815301076,1909f56bfc062723c751e8b465ee728b)  -> (artifact id: 'e45f35e83f3ee2b94cbf7a87cba18b61') in 0.172306 seconds
Number of updated asset objects reloaded before import = 0
Number of asset objects unloaded after import = 41
========================================================================
Received Import Request.
  Time since last request: 0.000204 seconds.
  path: Assets/Oculus/SampleFramework/Usage/OVROverlay/Materials/Tile_Mat_360Photo.mat
  artifactKey: Guid(8388a76b6d38060498be3f057adc62fb) Importer(815301076,1909f56bfc062723c751e8b465ee728b)
Start importing Assets/Oculus/SampleFramework/Usage/OVROverlay/Materials/Tile_Mat_360Photo.mat using Guid(8388a76b6d38060498be3f057adc62fb) Importer(815301076,1909f56bfc062723c751e8b465ee728b)  -> (artifact id: '27ed6149562ba03ed1fad221700ae624') in 0.078751 seconds
Number of updated asset objects reloaded before import = 0
Number of asset objects unloaded after import = 2
========================================================================
Received Import Request.
  Time since last request: 0.000122 seconds.
  path: Assets/Oculus/Interaction/Samples/Objects/Props/TennisBall/TennisBallMat.fbx
  artifactKey: Guid(d5e02c6494e9145b5880a3f4255f2d57) Importer(815301076,1909f56bfc062723c751e8b465ee728b)
Start importing Assets/Oculus/Interaction/Samples/Objects/Props/TennisBall/TennisBallMat.fbx using Guid(d5e02c6494e9145b5880a3f4255f2d57) Importer(815301076,1909f56bfc062723c751e8b465ee728b)  -> (artifact id: '5186b718167157b4a42219dd735d96d0') in 0.163748 seconds
Number of updated asset objects reloaded before import = 0
Number of asset objects unloaded after import = 9
========================================================================
Received Import Request.
  Time since last request: 69.512501 seconds.
  path: Assets/Oculus/LipSync/Models/RobotHead_TextureFlip/aa.png
  artifactKey: Guid(5c06354455999f94ea26114e261dde6d) Importer(815301076,1909f56bfc062723c751e8b465ee728b)
Start importing Assets/Oculus/LipSync/Models/RobotHead_TextureFlip/aa.png using Guid(5c06354455999f94ea26114e261dde6d) Importer(815301076,1909f56bfc062723c751e8b465ee728b)  -> (artifact id: '10bc28d38f744eb7d762b6dd75af74b8') in 0.038002 seconds
Number of updated asset objects reloaded before import = 0
Number of asset objects unloaded after import = 2
========================================================================
Received Import Request.
  Time since last request: 0.042928 seconds.
  path: Assets/AurynSky/Arcade Pack 01/Textures/ArcadeStandardAlientox.png
  artifactKey: Guid(b6ebf2b7d6327ff4ebdb2906ab8634bc) Importer(815301076,1909f56bfc062723c751e8b465ee728b)
Start importing Assets/AurynSky/Arcade Pack 01/Textures/ArcadeStandardAlientox.png using Guid(b6ebf2b7d6327ff4ebdb2906ab8634bc) Importer(815301076,1909f56bfc062723c751e8b465ee728b)  -> (artifact id: '7e46a5e5b63b2e9654df8609c20c653b') in 0.056914 seconds
Number of updated asset objects reloaded before import = 0
Number of asset objects unloaded after import = 2
========================================================================
Received Import Request.
  Time since last request: 0.024225 seconds.
  path: Assets/AurynSky/Arcade Pack 01/Textures/ArcadeStandardHotLavaSCREENtexture.png
  artifactKey: Guid(ceda9059be53df74a99e248dc833cb2b) Importer(815301076,1909f56bfc062723c751e8b465ee728b)
Start importing Assets/AurynSky/Arcade Pack 01/Textures/ArcadeStandardHotLavaSCREENtexture.png using Guid(ceda9059be53df74a99e248dc833cb2b) Importer(815301076,1909f56bfc062723c751e8b465ee728b)  -> (artifact id: '3e1d9a852fc3e0440847287fb4f0fe95') in 0.068175 seconds
Number of updated asset objects reloaded before import = 0
Number of asset objects unloaded after import = 2
========================================================================
Received Import Request.
  Time since last request: 0.000667 seconds.
  path: Assets/AurynSky/Arcade Pack 01/Textures/ArcadeStandardAskyTexture.png
  artifactKey: Guid(b05bd0bc48fefe04facba9d59f6512e5) Importer(815301076,1909f56bfc062723c751e8b465ee728b)
Start importing Assets/AurynSky/Arcade Pack 01/Textures/ArcadeStandardAskyTexture.png using Guid(b05bd0bc48fefe04facba9d59f6512e5) Importer(815301076,1909f56bfc062723c751e8b465ee728b)  -> (artifact id: 'd016a2d7749f03cc2e7d844f97e513bb') in 0.047163 seconds
Number of updated asset objects reloaded before import = 0
Number of asset objects unloaded after import = 2
========================================================================
Received Import Request.
  Time since last request: 0.000122 seconds.
  path: Assets/AurynSky/Arcade Pack 01/Textures/ArcadeStandardHotLavaFBX.png
  artifactKey: Guid(028065be641656547af9b8d45eb4a44c) Importer(815301076,1909f56bfc062723c751e8b465ee728b)
Start importing Assets/AurynSky/Arcade Pack 01/Textures/ArcadeStandardHotLavaFBX.png using Guid(028065be641656547af9b8d45eb4a44c) Importer(815301076,1909f56bfc062723c751e8b465ee728b)  -> (artifact id: 'e8aa2155e1118a73865d07041f071fb6') in 0.046267 seconds
Number of updated asset objects reloaded before import = 0
Number of asset objects unloaded after import = 2
========================================================================
Received Import Request.
  Time since last request: 32.645551 seconds.
  path: Assets/Ultimate 10 Plus Shaders/Shaders/Grass Sway.shader
  artifactKey: Guid(a15eddaf83eb0bb40804b6d17af6f3df) Importer(815301076,1909f56bfc062723c751e8b465ee728b)
Start importing Assets/Ultimate 10 Plus Shaders/Shaders/Grass Sway.shader using Guid(a15eddaf83eb0bb40804b6d17af6f3df) Importer(815301076,1909f56bfc062723c751e8b465ee728b)  -> (artifact id: '97951a82b1ac80c58d6c3fe88c1f8aea') in 0.003507 seconds
Number of updated asset objects reloaded before import = 0
Number of asset objects unloaded after import = 1
========================================================================
Received Import Request.
  Time since last request: 16.312256 seconds.
  path: Assets/Ultimate 10 Plus Shaders/Materials/Unique
  artifactKey: Guid(837e39c55929ceb48b2f4e4d3694e257) Importer(815301076,1909f56bfc062723c751e8b465ee728b)
Start importing Assets/Ultimate 10 Plus Shaders/Materials/Unique using Guid(837e39c55929ceb48b2f4e4d3694e257) Importer(815301076,1909f56bfc062723c751e8b465ee728b)  -> (artifact id: 'a93e79fe706905d8291213c5bbc9426d') in 0.000857 seconds
Number of updated asset objects reloaded before import = 0
Number of asset objects unloaded after import = 0
========================================================================
Received Import Request.
  Time since last request: 0.078184 seconds.
  path: Assets/Ultimate 10 Plus Shaders/Materials/Unique/Blur.mat
  artifactKey: Guid(15a2e8dcee4efbe4aa2ea0e37ccde455) Importer(815301076,1909f56bfc062723c751e8b465ee728b)
Start importing Assets/Ultimate 10 Plus Shaders/Materials/Unique/Blur.mat using Guid(15a2e8dcee4efbe4aa2ea0e37ccde455) Importer(815301076,1909f56bfc062723c751e8b465ee728b)  -> (artifact id: '54c457d2ebaca7468016b5f2ed3a5524') in 0.116773 seconds
Number of updated asset objects reloaded before import = 0
Number of asset objects unloaded after import = 2
========================================================================
Received Import Request.
  Time since last request: 0.000030 seconds.
  path: Assets/Ultimate 10 Plus Shaders/Materials/Unique/Ocean (2).mat
  artifactKey: Guid(968fcec20967a054686ff70bde994f21) Importer(815301076,1909f56bfc062723c751e8b465ee728b)
Start importing Assets/Ultimate 10 Plus Shaders/Materials/Unique/Ocean (2).mat using Guid(968fcec20967a054686ff70bde994f21) Importer(815301076,1909f56bfc062723c751e8b465ee728b)  -> (artifact id: '4e8e504df221aefdbadf1ee7e220093d') in 0.687476 seconds
Number of updated asset objects reloaded before import = 0
Number of asset objects unloaded after import = 4
========================================================================
Received Import Request.
  Time since last request: 0.000027 seconds.
  path: Assets/Ultimate 10 Plus Shaders/Materials/Unique/Grass Sway.mat
  artifactKey: Guid(20ca572045947d549ae0a17175b809d5) Importer(815301076,1909f56bfc062723c751e8b465ee728b)
Start importing Assets/Ultimate 10 Plus Shaders/Materials/Unique/Grass Sway.mat using Guid(20ca572045947d549ae0a17175b809d5) Importer(815301076,1909f56bfc062723c751e8b465ee728b)  -> (artifact id: '7555105949cbe576ba5a6943413f65d2') in 0.342573 seconds
Number of updated asset objects reloaded before import = 0
Number of asset objects unloaded after import = 4
Editor requested this worker to shutdown with reason: Scaling down because of idle timeout
TcpMessagingSession - receive error: operation aborted. errorcode: 995, details: The I/O operation has been aborted because of either a thread exit or an application request.
AssetImportWorker is now disconnected from the server
Process exiting
Exiting without the bug reporter. Application will terminate with return code 0